This is pdfTeX, Version 3.1415926-2.3-1.40.12 (TeX Live 2011) (format=pdflatex 2011.7.3)  26 JUL 2017 14:45
entering extended mode
 restricted \write18 enabled.
 %&-line parsing enabled.
**refman
(./refman.tex
LaTeX2e <2009/09/24>
Babel <v3.8l> and hyphenation patterns for english, dumylang, nohyphenation, ge
rman-x-2009-06-19, ngerman-x-2009-06-19, afrikaans, ancientgreek, ibycus, arabi
c, armenian, basque, bulgarian, catalan, pinyin, coptic, croatian, czech, danis
h, dutch, ukenglish, usenglishmax, esperanto, estonian, ethiopic, farsi, finnis
h, french, galician, german, ngerman, swissgerman, monogreek, greek, hungarian,
 icelandic, assamese, bengali, gujarati, hindi, kannada, malayalam, marathi, or
iya, panjabi, tamil, telugu, indonesian, interlingua, irish, italian, kurmanji,
 lao, latin, latvian, lithuanian, mongolian, mongolianlmc, bokmal, nynorsk, pol
ish, portuguese, romanian, russian, sanskrit, serbian, serbianc, slovak, sloven
ian, spanish, swedish, turkish, turkmen, ukrainian, uppersorbian, welsh, loaded
.
(/usr/local/texlive/2011/texmf-dist/tex/latex/base/book.cls
Document Class: book 2007/10/19 v1.4h Standard LaTeX document class
(/usr/local/texlive/2011/texmf-dist/tex/latex/base/bk10.clo
File: bk10.clo 2007/10/19 v1.4h Standard LaTeX file (size option)
)
\c@part=\count79
\c@chapter=\count80
\c@section=\count81
\c@subsection=\count82
\c@subsubsection=\count83
\c@paragraph=\count84
\c@subparagraph=\count85
\c@figure=\count86
\c@table=\count87
\abovecaptionskip=\skip41
\belowcaptionskip=\skip42
\bibindent=\dimen102
)
(/usr/local/texlive/2011/texmf-dist/tex/latex/base/fixltx2e.sty
Package: fixltx2e 2006/09/13 v1.1m fixes to LaTeX
LaTeX Info: Redefining \em on input line 420.
)
(/usr/local/texlive/2011/texmf-dist/tex/latex/tools/calc.sty
Package: calc 2007/08/22 v4.3 Infix arithmetic (KKT,FJ)
\calc@Acount=\count88
\calc@Bcount=\count89
\calc@Adimen=\dimen103
\calc@Bdimen=\dimen104
\calc@Askip=\skip43
\calc@Bskip=\skip44
LaTeX Info: Redefining \setlength on input line 76.
LaTeX Info: Redefining \addtolength on input line 77.
\calc@Ccount=\count90
\calc@Cskip=\skip45
) (./doxygen.sty
Package: doxygen 

(/usr/local/texlive/2011/texmf-dist/tex/latex/base/alltt.sty
Package: alltt 1997/06/16 v2.0g defines alltt environment
)
(/usr/local/texlive/2011/texmf-dist/tex/latex/tools/array.sty
Package: array 2008/09/09 v2.4c Tabular extension package (FMi)
\col@sep=\dimen105
\extrarowheight=\dimen106
\NC@list=\toks14
\extratabsurround=\skip46
\backup@length=\skip47
)
(/usr/local/texlive/2011/texmf-dist/tex/latex/float/float.sty
Package: float 2001/11/08 v1.3d Float enhancements (AL)
\c@float@type=\count91
\float@exts=\toks15
\float@box=\box26
\@float@everytoks=\toks16
\@floatcapt=\box27
)
(/usr/local/texlive/2011/texmf-dist/tex/latex/base/ifthen.sty
Package: ifthen 2001/05/26 v1.1c Standard LaTeX ifthen package (DPC)
)
(/usr/local/texlive/2011/texmf-dist/tex/latex/tools/verbatim.sty
Package: verbatim 2003/08/22 v1.5q LaTeX2e package for verbatim enhancements
\every@verbatim=\toks17
\verbatim@line=\toks18
\verbatim@in@stream=\read1
)
(/usr/local/texlive/2011/texmf-dist/tex/latex/xcolor/xcolor.sty
Package: xcolor 2007/01/21 v2.11 LaTeX color extensions (UK)

(/usr/local/texlive/2011/texmf-dist/tex/latex/latexconfig/color.cfg
File: color.cfg 2007/01/18 v1.5 color configuration of teTeX/TeXLive
)
Package xcolor Info: Driver file: pdftex.def on input line 225.

(/usr/local/texlive/2011/texmf-dist/tex/latex/pdftex-def/pdftex.def
File: pdftex.def 2011/05/27 v0.06d Graphics/color for pdfTeX

(/usr/local/texlive/2011/texmf-dist/tex/generic/oberdiek/infwarerr.sty
Package: infwarerr 2010/04/08 v1.3 Providing info/warning/message (HO)
)
(/usr/local/texlive/2011/texmf-dist/tex/generic/oberdiek/ltxcmds.sty
Package: ltxcmds 2011/04/18 v1.20 LaTeX kernel commands for general use (HO)
)
\Gread@gobject=\count92
)
(/usr/local/texlive/2011/texmf-dist/tex/latex/colortbl/colortbl.sty
Package: colortbl 2001/02/13 v0.1j Color table columns (DPC)
\everycr=\toks19
\minrowclearance=\skip48
)
\rownum=\count93
Package xcolor Info: Model `cmy' substituted by `cmy0' on input line 1337.
Package xcolor Info: Model `hsb' substituted by `rgb' on input line 1341.
Package xcolor Info: Model `RGB' extended on input line 1353.
Package xcolor Info: Model `HTML' substituted by `rgb' on input line 1355.
Package xcolor Info: Model `Hsb' substituted by `hsb' on input line 1356.
Package xcolor Info: Model `tHsb' substituted by `hsb' on input line 1357.
Package xcolor Info: Model `HSB' substituted by `hsb' on input line 1358.
Package xcolor Info: Model `Gray' substituted by `gray' on input line 1359.
Package xcolor Info: Model `wave' substituted by `hsb' on input line 1360.
)
(/usr/local/texlive/2011/texmf-dist/tex/latex/tools/longtable.sty
Package: longtable 2004/02/01 v4.11 Multi-page Table package (DPC)
\LTleft=\skip49
\LTright=\skip50
\LTpre=\skip51
\LTpost=\skip52
\LTchunksize=\count94
\LTcapwidth=\dimen107
\LT@head=\box28
\LT@firsthead=\box29
\LT@foot=\box30
\LT@lastfoot=\box31
\LT@cols=\count95
\LT@rows=\count96
\c@LT@tables=\count97
\c@LT@chunks=\count98
\LT@p@ftn=\toks20
)
(/usr/local/texlive/2011/texmf-dist/tex/latex/tabu/tabu.sty
Package: tabu 2011/02/26 v2.8 - flexible LaTeX tabulars (FC)

(/usr/local/texlive/2011/texmf-dist/tex/latex/varwidth/varwidth.sty
Package: varwidth 2009/03/30 ver 0.92;  Variable-width minipages
\@vwid@box=\box32
\sift@deathcycles=\count99
\@vwid@loff=\dimen108
\@vwid@roff=\dimen109
)
\c@taburow=\count100
\tabu@nbcols=\count101
\tabu@cnt=\count102
\tabu@Xcol=\count103
\tabu@alloc=\count104
\tabu@nested=\count105
\tabu@target=\dimen110
\tabu@spreadtarget=\dimen111
\tabu@naturalX=\dimen112
\tabucolX=\dimen113
\tabu@Xsum=\dimen114
\extrarowdepth=\dimen115
\abovetabulinesep=\dimen116
\belowtabulinesep=\dimen117
\tabustrutrule=\dimen118
\tabu@thebody=\toks21
\tabu@footnotes=\toks22
\tabu@box=\box33
\tabu@arstrutbox=\box34
\tabu@hleads=\box35
\tabu@vleads=\box36
\tabu@cellskip=\skip53
)
(/usr/local/texlive/2011/texmf-dist/tex/latex/tools/tabularx.sty
Package: tabularx 1999/01/07 v2.07 `tabularx' package (DPC)
\TX@col@width=\dimen119
\TX@old@table=\dimen120
\TX@old@col=\dimen121
\TX@target=\dimen122
\TX@delta=\dimen123
\TX@cols=\count106
\TX@ftn=\toks23
)
(/usr/local/texlive/2011/texmf-dist/tex/latex/multirow/multirow.sty
\bigstrutjot=\dimen124
)
\xrefbox=\box37
\xreflength=\skip54
)
(/usr/local/texlive/2011/texmf-dist/tex/latex/adjustbox/adjustbox.sty
Package: adjustbox 2011/03/20 v0.3 Adjusting TeX boxes (trim, clip, ...)

(/usr/local/texlive/2011/texmf-dist/tex/latex/graphics/graphicx.sty
Package: graphicx 1999/02/16 v1.0f Enhanced LaTeX Graphics (DPC,SPQR)

(/usr/local/texlive/2011/texmf-dist/tex/latex/graphics/keyval.sty
Package: keyval 1999/03/16 v1.13 key=value parser (DPC)
\KV@toks@=\toks24
)
(/usr/local/texlive/2011/texmf-dist/tex/latex/graphics/graphics.sty
Package: graphics 2009/02/05 v1.0o Standard LaTeX Graphics (DPC,SPQR)

(/usr/local/texlive/2011/texmf-dist/tex/latex/graphics/trig.sty
Package: trig 1999/03/16 v1.09 sin cos tan (DPC)
)
(/usr/local/texlive/2011/texmf-dist/tex/latex/latexconfig/graphics.cfg
File: graphics.cfg 2010/04/23 v1.9 graphics configuration of TeX Live
)
Package graphics Info: Driver file: pdftex.def on input line 91.
)
\Gin@req@height=\dimen125
\Gin@req@width=\dimen126
)
(/usr/local/texlive/2011/texmf-dist/tex/latex/pgf/basiclayer/pgf.sty
(/usr/local/texlive/2011/texmf-dist/tex/latex/pgf/utilities/pgfrcs.sty
(/usr/local/texlive/2011/texmf-dist/tex/generic/pgf/utilities/pgfutil-common.te
x
\pgfutil@everybye=\toks25
)
(/usr/local/texlive/2011/texmf-dist/tex/generic/pgf/utilities/pgfutil-latex.def
\pgfutil@abb=\box38
(/usr/local/texlive/2011/texmf-dist/tex/latex/ms/everyshi.sty
Package: everyshi 2001/05/15 v3.00 EveryShipout Package (MS)
))
(/usr/local/texlive/2011/texmf-dist/tex/generic/pgf/utilities/pgfrcs.code.tex
Package: pgfrcs 2010/10/25 v2.10 (rcs-revision 1.24)
))
Package: pgf 2008/01/15 v2.10 (rcs-revision 1.12)
(/usr/local/texlive/2011/texmf-dist/tex/latex/pgf/basiclayer/pgfcore.sty
(/usr/local/texlive/2011/texmf-dist/tex/latex/pgf/systemlayer/pgfsys.sty
(/usr/local/texlive/2011/texmf-dist/tex/generic/pgf/systemlayer/pgfsys.code.tex
Package: pgfsys 2010/06/30 v2.10 (rcs-revision 1.37)
(/usr/local/texlive/2011/texmf-dist/tex/generic/pgf/utilities/pgfkeys.code.tex
\pgfkeys@pathtoks=\toks26
\pgfkeys@temptoks=\toks27

(/usr/local/texlive/2011/texmf-dist/tex/generic/pgf/utilities/pgfkeysfiltered.c
ode.tex
\pgfkeys@tmptoks=\toks28
))
\pgf@x=\dimen127
\pgf@y=\dimen128
\pgf@xa=\dimen129
\pgf@ya=\dimen130
\pgf@xb=\dimen131
\pgf@yb=\dimen132
\pgf@xc=\dimen133
\pgf@yc=\dimen134
\w@pgf@writea=\write3
\r@pgf@reada=\read2
\c@pgf@counta=\count107
\c@pgf@countb=\count108
\c@pgf@countc=\count109
\c@pgf@countd=\count110

(/usr/local/texlive/2011/texmf-dist/tex/generic/pgf/systemlayer/pgf.cfg
File: pgf.cfg 2008/05/14  (rcs-revision 1.7)
)
Package pgfsys Info: Driver file for pgf: pgfsys-pdftex.def on input line 900.

(/usr/local/texlive/2011/texmf-dist/tex/generic/pgf/systemlayer/pgfsys-pdftex.d
ef
File: pgfsys-pdftex.def 2009/05/22  (rcs-revision 1.26)

(/usr/local/texlive/2011/texmf-dist/tex/generic/pgf/systemlayer/pgfsys-common-p
df.def
File: pgfsys-common-pdf.def 2008/05/19  (rcs-revision 1.10)
)))
(/usr/local/texlive/2011/texmf-dist/tex/generic/pgf/systemlayer/pgfsyssoftpath.
code.tex
File: pgfsyssoftpath.code.tex 2008/07/18  (rcs-revision 1.7)
\pgfsyssoftpath@smallbuffer@items=\count111
\pgfsyssoftpath@bigbuffer@items=\count112
)
(/usr/local/texlive/2011/texmf-dist/tex/generic/pgf/systemlayer/pgfsysprotocol.
code.tex
File: pgfsysprotocol.code.tex 2006/10/16  (rcs-revision 1.4)
))
(/usr/local/texlive/2011/texmf-dist/tex/generic/pgf/basiclayer/pgfcore.code.tex
Package: pgfcore 2010/04/11 v2.10 (rcs-revision 1.7)
(/usr/local/texlive/2011/texmf-dist/tex/generic/pgf/math/pgfmath.code.tex
(/usr/local/texlive/2011/texmf-dist/tex/generic/pgf/math/pgfmathcalc.code.tex
(/usr/local/texlive/2011/texmf-dist/tex/generic/pgf/math/pgfmathutil.code.tex)
(/usr/local/texlive/2011/texmf-dist/tex/generic/pgf/math/pgfmathparser.code.tex
\pgfmath@dimen=\dimen135
\pgfmath@count=\count113
\pgfmath@box=\box39
\pgfmath@toks=\toks29
\pgfmath@stack@operand=\toks30
\pgfmath@stack@operation=\toks31
)
(/usr/local/texlive/2011/texmf-dist/tex/generic/pgf/math/pgfmathfunctions.code.
tex
(/usr/local/texlive/2011/texmf-dist/tex/generic/pgf/math/pgfmathfunctions.basic
.code.tex)
(/usr/local/texlive/2011/texmf-dist/tex/generic/pgf/math/pgfmathfunctions.trigo
nometric.code.tex)
(/usr/local/texlive/2011/texmf-dist/tex/generic/pgf/math/pgfmathfunctions.rando
m.code.tex)
(/usr/local/texlive/2011/texmf-dist/tex/generic/pgf/math/pgfmathfunctions.compa
rison.code.tex)
(/usr/local/texlive/2011/texmf-dist/tex/generic/pgf/math/pgfmathfunctions.base.
code.tex)
(/usr/local/texlive/2011/texmf-dist/tex/generic/pgf/math/pgfmathfunctions.round
.code.tex)
(/usr/local/texlive/2011/texmf-dist/tex/generic/pgf/math/pgfmathfunctions.misc.
code.tex)))
(/usr/local/texlive/2011/texmf-dist/tex/generic/pgf/math/pgfmathfloat.code.tex
\c@pgfmathroundto@lastzeros=\count114
))
(/usr/local/texlive/2011/texmf-dist/tex/generic/pgf/basiclayer/pgfcorepoints.co
de.tex
File: pgfcorepoints.code.tex 2010/04/09  (rcs-revision 1.20)
\pgf@picminx=\dimen136
\pgf@picmaxx=\dimen137
\pgf@picminy=\dimen138
\pgf@picmaxy=\dimen139
\pgf@pathminx=\dimen140
\pgf@pathmaxx=\dimen141
\pgf@pathminy=\dimen142
\pgf@pathmaxy=\dimen143
\pgf@xx=\dimen144
\pgf@xy=\dimen145
\pgf@yx=\dimen146
\pgf@yy=\dimen147
\pgf@zx=\dimen148
\pgf@zy=\dimen149
)
(/usr/local/texlive/2011/texmf-dist/tex/generic/pgf/basiclayer/pgfcorepathconst
ruct.code.tex
File: pgfcorepathconstruct.code.tex 2010/08/03  (rcs-revision 1.24)
\pgf@path@lastx=\dimen150
\pgf@path@lasty=\dimen151
)
(/usr/local/texlive/2011/texmf-dist/tex/generic/pgf/basiclayer/pgfcorepathusage
.code.tex
File: pgfcorepathusage.code.tex 2008/04/22  (rcs-revision 1.12)
\pgf@shorten@end@additional=\dimen152
\pgf@shorten@start@additional=\dimen153
)
(/usr/local/texlive/2011/texmf-dist/tex/generic/pgf/basiclayer/pgfcorescopes.co
de.tex
File: pgfcorescopes.code.tex 2010/09/08  (rcs-revision 1.34)
\pgfpic=\box40
\pgf@hbox=\box41
\pgf@layerbox@main=\box42
\pgf@picture@serial@count=\count115
)
(/usr/local/texlive/2011/texmf-dist/tex/generic/pgf/basiclayer/pgfcoregraphicst
ate.code.tex
File: pgfcoregraphicstate.code.tex 2008/04/22  (rcs-revision 1.9)
\pgflinewidth=\dimen154
)
(/usr/local/texlive/2011/texmf-dist/tex/generic/pgf/basiclayer/pgfcoretransform
ations.code.tex
File: pgfcoretransformations.code.tex 2009/06/10  (rcs-revision 1.11)
\pgf@pt@x=\dimen155
\pgf@pt@y=\dimen156
\pgf@pt@temp=\dimen157
)
(/usr/local/texlive/2011/texmf-dist/tex/generic/pgf/basiclayer/pgfcorequick.cod
e.tex
File: pgfcorequick.code.tex 2008/10/09  (rcs-revision 1.3)
)
(/usr/local/texlive/2011/texmf-dist/tex/generic/pgf/basiclayer/pgfcoreobjects.c
ode.tex
File: pgfcoreobjects.code.tex 2006/10/11  (rcs-revision 1.2)
)
(/usr/local/texlive/2011/texmf-dist/tex/generic/pgf/basiclayer/pgfcorepathproce
ssing.code.tex
File: pgfcorepathprocessing.code.tex 2008/10/09  (rcs-revision 1.8)
)
(/usr/local/texlive/2011/texmf-dist/tex/generic/pgf/basiclayer/pgfcorearrows.co
de.tex
File: pgfcorearrows.code.tex 2008/04/23  (rcs-revision 1.11)
)
(/usr/local/texlive/2011/texmf-dist/tex/generic/pgf/basiclayer/pgfcoreshade.cod
e.tex
File: pgfcoreshade.code.tex 2008/11/23  (rcs-revision 1.13)
\pgf@max=\dimen158
\pgf@sys@shading@range@num=\count116
)
(/usr/local/texlive/2011/texmf-dist/tex/generic/pgf/basiclayer/pgfcoreimage.cod
e.tex
File: pgfcoreimage.code.tex 2010/03/25  (rcs-revision 1.16)

(/usr/local/texlive/2011/texmf-dist/tex/generic/pgf/basiclayer/pgfcoreexternal.
code.tex
File: pgfcoreexternal.code.tex 2010/09/01  (rcs-revision 1.17)
\pgfexternal@startupbox=\box43
))
(/usr/local/texlive/2011/texmf-dist/tex/generic/pgf/basiclayer/pgfcorelayers.co
de.tex
File: pgfcorelayers.code.tex 2010/08/27  (rcs-revision 1.2)
)
(/usr/local/texlive/2011/texmf-dist/tex/generic/pgf/basiclayer/pgfcoretranspare
ncy.code.tex
File: pgfcoretransparency.code.tex 2008/01/17  (rcs-revision 1.2)
)
(/usr/local/texlive/2011/texmf-dist/tex/generic/pgf/basiclayer/pgfcorepatterns.
code.tex
File: pgfcorepatterns.code.tex 2009/07/02  (rcs-revision 1.3)
)))
(/usr/local/texlive/2011/texmf-dist/tex/generic/pgf/modules/pgfmoduleshapes.cod
e.tex
File: pgfmoduleshapes.code.tex 2010/09/09  (rcs-revision 1.13)
\pgfnodeparttextbox=\box44
)
(/usr/local/texlive/2011/texmf-dist/tex/generic/pgf/modules/pgfmoduleplot.code.
tex
File: pgfmoduleplot.code.tex 2010/10/22  (rcs-revision 1.8)
)
(/usr/local/texlive/2011/texmf-dist/tex/latex/pgf/compatibility/pgfcomp-version
-0-65.sty
Package: pgfcomp-version-0-65 2007/07/03 v2.10 (rcs-revision 1.7)
\pgf@nodesepstart=\dimen159
\pgf@nodesepend=\dimen160
)
(/usr/local/texlive/2011/texmf-dist/tex/latex/pgf/compatibility/pgfcomp-version
-1-18.sty
Package: pgfcomp-version-1-18 2007/07/23 v2.10 (rcs-revision 1.1)
)))

! LaTeX Error: Unknown option `export' for package `adjustbox'.

See the LaTeX manual or LaTeX Companion for explanation.
Type  H <return>  for immediate help.
 ...                                              
                                                  
l.8 \usepackage
               {graphicx}
? 
(/usr/local/texlive/2011/texmf-dist/tex/latex/base/inputenc.sty
Package: inputenc 2008/03/30 v1.1d Input encoding file
\inpenc@prehook=\toks32
\inpenc@posthook=\toks33

(/usr/local/texlive/2011/texmf-dist/tex/latex/base/utf8.def
File: utf8.def 2008/04/05 v1.1m UTF-8 support for inputenc
Now handling font encoding OML ...
... no UTF-8 mapping file for font encoding OML
Now handling font encoding T1 ...
... processing UTF-8 mapping file for font encoding T1

(/usr/local/texlive/2011/texmf-dist/tex/latex/base/t1enc.dfu
File: t1enc.dfu 2008/04/05 v1.1m UTF-8 support for inputenc
   defining Unicode char U+00A1 (decimal 161)
   defining Unicode char U+00A3 (decimal 163)
   defining Unicode char U+00AB (decimal 171)
   defining Unicode char U+00BB (decimal 187)
   defining Unicode char U+00BF (decimal 191)
   defining Unicode char U+00C0 (decimal 192)
   defining Unicode char U+00C1 (decimal 193)
   defining Unicode char U+00C2 (decimal 194)
   defining Unicode char U+00C3 (decimal 195)
   defining Unicode char U+00C4 (decimal 196)
   defining Unicode char U+00C5 (decimal 197)
   defining Unicode char U+00C6 (decimal 198)
   defining Unicode char U+00C7 (decimal 199)
   defining Unicode char U+00C8 (decimal 200)
   defining Unicode char U+00C9 (decimal 201)
   defining Unicode char U+00CA (decimal 202)
   defining Unicode char U+00CB (decimal 203)
   defining Unicode char U+00CC (decimal 204)
   defining Unicode char U+00CD (decimal 205)
   defining Unicode char U+00CE (decimal 206)
   defining Unicode char U+00CF (decimal 207)
   defining Unicode char U+00D0 (decimal 208)
   defining Unicode char U+00D1 (decimal 209)
   defining Unicode char U+00D2 (decimal 210)
   defining Unicode char U+00D3 (decimal 211)
   defining Unicode char U+00D4 (decimal 212)
   defining Unicode char U+00D5 (decimal 213)
   defining Unicode char U+00D6 (decimal 214)
   defining Unicode char U+00D8 (decimal 216)
   defining Unicode char U+00D9 (decimal 217)
   defining Unicode char U+00DA (decimal 218)
   defining Unicode char U+00DB (decimal 219)
   defining Unicode char U+00DC (decimal 220)
   defining Unicode char U+00DD (decimal 221)
   defining Unicode char U+00DE (decimal 222)
   defining Unicode char U+00DF (decimal 223)
   defining Unicode char U+00E0 (decimal 224)
   defining Unicode char U+00E1 (decimal 225)
   defining Unicode char U+00E2 (decimal 226)
   defining Unicode char U+00E3 (decimal 227)
   defining Unicode char U+00E4 (decimal 228)
   defining Unicode char U+00E5 (decimal 229)
   defining Unicode char U+00E6 (decimal 230)
   defining Unicode char U+00E7 (decimal 231)
   defining Unicode char U+00E8 (decimal 232)
   defining Unicode char U+00E9 (decimal 233)
   defining Unicode char U+00EA (decimal 234)
   defining Unicode char U+00EB (decimal 235)
   defining Unicode char U+00EC (decimal 236)
   defining Unicode char U+00ED (decimal 237)
   defining Unicode char U+00EE (decimal 238)
   defining Unicode char U+00EF (decimal 239)
   defining Unicode char U+00F0 (decimal 240)
   defining Unicode char U+00F1 (decimal 241)
   defining Unicode char U+00F2 (decimal 242)
   defining Unicode char U+00F3 (decimal 243)
   defining Unicode char U+00F4 (decimal 244)
   defining Unicode char U+00F5 (decimal 245)
   defining Unicode char U+00F6 (decimal 246)
   defining Unicode char U+00F8 (decimal 248)
   defining Unicode char U+00F9 (decimal 249)
   defining Unicode char U+00FA (decimal 250)
   defining Unicode char U+00FB (decimal 251)
   defining Unicode char U+00FC (decimal 252)
   defining Unicode char U+00FD (decimal 253)
   defining Unicode char U+00FE (decimal 254)
   defining Unicode char U+00FF (decimal 255)
   defining Unicode char U+0102 (decimal 258)
   defining Unicode char U+0103 (decimal 259)
   defining Unicode char U+0104 (decimal 260)
   defining Unicode char U+0105 (decimal 261)
   defining Unicode char U+0106 (decimal 262)
   defining Unicode char U+0107 (decimal 263)
   defining Unicode char U+010C (decimal 268)
   defining Unicode char U+010D (decimal 269)
   defining Unicode char U+010E (decimal 270)
   defining Unicode char U+010F (decimal 271)
   defining Unicode char U+0110 (decimal 272)
   defining Unicode char U+0111 (decimal 273)
   defining Unicode char U+0118 (decimal 280)
   defining Unicode char U+0119 (decimal 281)
   defining Unicode char U+011A (decimal 282)
   defining Unicode char U+011B (decimal 283)
   defining Unicode char U+011E (decimal 286)
   defining Unicode char U+011F (decimal 287)
   defining Unicode char U+0130 (decimal 304)
   defining Unicode char U+0131 (decimal 305)
   defining Unicode char U+0132 (decimal 306)
   defining Unicode char U+0133 (decimal 307)
   defining Unicode char U+0139 (decimal 313)
   defining Unicode char U+013A (decimal 314)
   defining Unicode char U+013D (decimal 317)
   defining Unicode char U+013E (decimal 318)
   defining Unicode char U+0141 (decimal 321)
   defining Unicode char U+0142 (decimal 322)
   defining Unicode char U+0143 (decimal 323)
   defining Unicode char U+0144 (decimal 324)
   defining Unicode char U+0147 (decimal 327)
   defining Unicode char U+0148 (decimal 328)
   defining Unicode char U+014A (decimal 330)
   defining Unicode char U+014B (decimal 331)
   defining Unicode char U+0150 (decimal 336)
   defining Unicode char U+0151 (decimal 337)
   defining Unicode char U+0152 (decimal 338)
   defining Unicode char U+0153 (decimal 339)
   defining Unicode char U+0154 (decimal 340)
   defining Unicode char U+0155 (decimal 341)
   defining Unicode char U+0158 (decimal 344)
   defining Unicode char U+0159 (decimal 345)
   defining Unicode char U+015A (decimal 346)
   defining Unicode char U+015B (decimal 347)
   defining Unicode char U+015E (decimal 350)
   defining Unicode char U+015F (decimal 351)
   defining Unicode char U+0160 (decimal 352)
   defining Unicode char U+0161 (decimal 353)
   defining Unicode char U+0162 (decimal 354)
   defining Unicode char U+0163 (decimal 355)
   defining Unicode char U+0164 (decimal 356)
   defining Unicode char U+0165 (decimal 357)
   defining Unicode char U+016E (decimal 366)
   defining Unicode char U+016F (decimal 367)
   defining Unicode char U+0170 (decimal 368)
   defining Unicode char U+0171 (decimal 369)
   defining Unicode char U+0178 (decimal 376)
   defining Unicode char U+0179 (decimal 377)
   defining Unicode char U+017A (decimal 378)
   defining Unicode char U+017B (decimal 379)
   defining Unicode char U+017C (decimal 380)
   defining Unicode char U+017D (decimal 381)
   defining Unicode char U+017E (decimal 382)
   defining Unicode char U+200C (decimal 8204)
   defining Unicode char U+2013 (decimal 8211)
   defining Unicode char U+2014 (decimal 8212)
   defining Unicode char U+2018 (decimal 8216)
   defining Unicode char U+2019 (decimal 8217)
   defining Unicode char U+201A (decimal 8218)
   defining Unicode char U+201C (decimal 8220)
   defining Unicode char U+201D (decimal 8221)
   defining Unicode char U+201E (decimal 8222)
   defining Unicode char U+2030 (decimal 8240)
   defining Unicode char U+2031 (decimal 8241)
   defining Unicode char U+2039 (decimal 8249)
   defining Unicode char U+203A (decimal 8250)
   defining Unicode char U+2423 (decimal 9251)
)
Now handling font encoding OT1 ...
... processing UTF-8 mapping file for font encoding OT1

(/usr/local/texlive/2011/texmf-dist/tex/latex/base/ot1enc.dfu
File: ot1enc.dfu 2008/04/05 v1.1m UTF-8 support for inputenc
   defining Unicode char U+00A1 (decimal 161)
   defining Unicode char U+00A3 (decimal 163)
   defining Unicode char U+00B8 (decimal 184)
   defining Unicode char U+00BF (decimal 191)
   defining Unicode char U+00C5 (decimal 197)
   defining Unicode char U+00C6 (decimal 198)
   defining Unicode char U+00D8 (decimal 216)
   defining Unicode char U+00DF (decimal 223)
   defining Unicode char U+00E6 (decimal 230)
   defining Unicode char U+00EC (decimal 236)
   defining Unicode char U+00ED (decimal 237)
   defining Unicode char U+00EE (decimal 238)
   defining Unicode char U+00EF (decimal 239)
   defining Unicode char U+00F8 (decimal 248)
   defining Unicode char U+0131 (decimal 305)
   defining Unicode char U+0141 (decimal 321)
   defining Unicode char U+0142 (decimal 322)
   defining Unicode char U+0152 (decimal 338)
   defining Unicode char U+0153 (decimal 339)
   defining Unicode char U+2013 (decimal 8211)
   defining Unicode char U+2014 (decimal 8212)
   defining Unicode char U+2018 (decimal 8216)
   defining Unicode char U+2019 (decimal 8217)
   defining Unicode char U+201C (decimal 8220)
   defining Unicode char U+201D (decimal 8221)
)
Now handling font encoding OMS ...
... processing UTF-8 mapping file for font encoding OMS

(/usr/local/texlive/2011/texmf-dist/tex/latex/base/omsenc.dfu
File: omsenc.dfu 2008/04/05 v1.1m UTF-8 support for inputenc
   defining Unicode char U+00A7 (decimal 167)
   defining Unicode char U+00B6 (decimal 182)
   defining Unicode char U+00B7 (decimal 183)
   defining Unicode char U+2020 (decimal 8224)
   defining Unicode char U+2021 (decimal 8225)
   defining Unicode char U+2022 (decimal 8226)
)
Now handling font encoding OMX ...
... no UTF-8 mapping file for font encoding OMX
Now handling font encoding U ...
... no UTF-8 mapping file for font encoding U
   defining Unicode char U+00A9 (decimal 169)
   defining Unicode char U+00AA (decimal 170)
   defining Unicode char U+00AE (decimal 174)
   defining Unicode char U+00BA (decimal 186)
   defining Unicode char U+02C6 (decimal 710)
   defining Unicode char U+02DC (decimal 732)
   defining Unicode char U+200C (decimal 8204)
   defining Unicode char U+2026 (decimal 8230)
   defining Unicode char U+2122 (decimal 8482)
   defining Unicode char U+2423 (decimal 9251)
))
(/usr/local/texlive/2011/texmf-dist/tex/latex/base/makeidx.sty
Package: makeidx 2000/03/29 v1.0m Standard LaTeX package
)
(/usr/local/texlive/2011/texmf-dist/tex/latex/tools/multicol.sty
Package: multicol 2008/12/05 v1.6h multicolumn formatting (FMi)
\c@tracingmulticols=\count117
\mult@box=\box45
\multicol@leftmargin=\dimen161
\c@unbalance=\count118
\c@collectmore=\count119
\doublecol@number=\count120
\multicoltolerance=\count121
\multicolpretolerance=\count122
\full@width=\dimen162
\page@free=\dimen163
\premulticols=\dimen164
\postmulticols=\dimen165
\multicolsep=\skip55
\multicolbaselineskip=\skip56
\partial@page=\box46
\last@line=\box47
\mult@rightbox=\box48
\mult@grightbox=\box49
\mult@gfirstbox=\box50
\mult@firstbox=\box51
\@tempa=\box52
\@tempa=\box53
\@tempa=\box54
\@tempa=\box55
\@tempa=\box56
\@tempa=\box57
\@tempa=\box58
\@tempa=\box59
\@tempa=\box60
\@tempa=\box61
\@tempa=\box62
\@tempa=\box63
\@tempa=\box64
\@tempa=\box65
\@tempa=\box66
\@tempa=\box67
\@tempa=\box68
\c@columnbadness=\count123
\c@finalcolumnbadness=\count124
\last@try=\dimen166
\multicolovershoot=\dimen167
\multicolundershoot=\dimen168
\mult@nat@firstbox=\box69
\colbreak@box=\box70
)
(/usr/local/texlive/2011/texmf-dist/tex/latex/base/textcomp.sty
Package: textcomp 2005/09/27 v1.99g Standard LaTeX package
Package textcomp Info: Sub-encoding information:
(textcomp)               5 = only ISO-Adobe without \textcurrency
(textcomp)               4 = 5 + \texteuro
(textcomp)               3 = 4 + \textohm
(textcomp)               2 = 3 + \textestimated + \textcurrency
(textcomp)               1 = TS1 - \textcircled - \t
(textcomp)               0 = TS1 (full)
(textcomp)             Font families with sub-encoding setting implement
(textcomp)             only a restricted character set as indicated.
(textcomp)             Family '?' is the default used for unknown fonts.
(textcomp)             See the documentation for details.
Package textcomp Info: Setting ? sub-encoding to TS1/1 on input line 71.

(/usr/local/texlive/2011/texmf-dist/tex/latex/base/ts1enc.def
File: ts1enc.def 2001/06/05 v3.0e (jk/car/fm) Standard LaTeX file
Now handling font encoding TS1 ...
... processing UTF-8 mapping file for font encoding TS1

(/usr/local/texlive/2011/texmf-dist/tex/latex/base/ts1enc.dfu
File: ts1enc.dfu 2008/04/05 v1.1m UTF-8 support for inputenc
   defining Unicode char U+00A2 (decimal 162)
   defining Unicode char U+00A3 (decimal 163)
   defining Unicode char U+00A4 (decimal 164)
   defining Unicode char U+00A5 (decimal 165)
   defining Unicode char U+00A6 (decimal 166)
   defining Unicode char U+00A7 (decimal 167)
   defining Unicode char U+00A8 (decimal 168)
   defining Unicode char U+00A9 (decimal 169)
   defining Unicode char U+00AA (decimal 170)
   defining Unicode char U+00AC (decimal 172)
   defining Unicode char U+00AE (decimal 174)
   defining Unicode char U+00AF (decimal 175)
   defining Unicode char U+00B0 (decimal 176)
   defining Unicode char U+00B1 (decimal 177)
   defining Unicode char U+00B2 (decimal 178)
   defining Unicode char U+00B3 (decimal 179)
   defining Unicode char U+00B4 (decimal 180)
   defining Unicode char U+00B5 (decimal 181)
   defining Unicode char U+00B6 (decimal 182)
   defining Unicode char U+00B7 (decimal 183)
   defining Unicode char U+00B9 (decimal 185)
   defining Unicode char U+00BA (decimal 186)
   defining Unicode char U+00BC (decimal 188)
   defining Unicode char U+00BD (decimal 189)
   defining Unicode char U+00BE (decimal 190)
   defining Unicode char U+00D7 (decimal 215)
   defining Unicode char U+00F7 (decimal 247)
   defining Unicode char U+0192 (decimal 402)
   defining Unicode char U+02C7 (decimal 711)
   defining Unicode char U+02D8 (decimal 728)
   defining Unicode char U+02DD (decimal 733)
   defining Unicode char U+0E3F (decimal 3647)
   defining Unicode char U+2016 (decimal 8214)
   defining Unicode char U+2020 (decimal 8224)
   defining Unicode char U+2021 (decimal 8225)
   defining Unicode char U+2022 (decimal 8226)
   defining Unicode char U+2030 (decimal 8240)
   defining Unicode char U+2031 (decimal 8241)
   defining Unicode char U+203B (decimal 8251)
   defining Unicode char U+203D (decimal 8253)
   defining Unicode char U+2044 (decimal 8260)
   defining Unicode char U+204E (decimal 8270)
   defining Unicode char U+2052 (decimal 8274)
   defining Unicode char U+20A1 (decimal 8353)
   defining Unicode char U+20A4 (decimal 8356)
   defining Unicode char U+20A6 (decimal 8358)
   defining Unicode char U+20A9 (decimal 8361)
   defining Unicode char U+20AB (decimal 8363)
   defining Unicode char U+20AC (decimal 8364)
   defining Unicode char U+20B1 (decimal 8369)
   defining Unicode char U+2103 (decimal 8451)
   defining Unicode char U+2116 (decimal 8470)
   defining Unicode char U+2117 (decimal 8471)
   defining Unicode char U+211E (decimal 8478)
   defining Unicode char U+2120 (decimal 8480)
   defining Unicode char U+2122 (decimal 8482)
   defining Unicode char U+2126 (decimal 8486)
   defining Unicode char U+2127 (decimal 8487)
   defining Unicode char U+212E (decimal 8494)
   defining Unicode char U+2190 (decimal 8592)
   defining Unicode char U+2191 (decimal 8593)
   defining Unicode char U+2192 (decimal 8594)
   defining Unicode char U+2193 (decimal 8595)
   defining Unicode char U+2329 (decimal 9001)
   defining Unicode char U+232A (decimal 9002)
   defining Unicode char U+2422 (decimal 9250)
   defining Unicode char U+25E6 (decimal 9702)
   defining Unicode char U+25EF (decimal 9711)
   defining Unicode char U+266A (decimal 9834)
))
LaTeX Info: Redefining \oldstylenums on input line 266.
Package textcomp Info: Setting cmr sub-encoding to TS1/0 on input line 281.
Package textcomp Info: Setting cmss sub-encoding to TS1/0 on input line 282.
Package textcomp Info: Setting cmtt sub-encoding to TS1/0 on input line 283.
Package textcomp Info: Setting cmvtt sub-encoding to TS1/0 on input line 284.
Package textcomp Info: Setting cmbr sub-encoding to TS1/0 on input line 285.
Package textcomp Info: Setting cmtl sub-encoding to TS1/0 on input line 286.
Package textcomp Info: Setting ccr sub-encoding to TS1/0 on input line 287.
Package textcomp Info: Setting ptm sub-encoding to TS1/4 on input line 288.
Package textcomp Info: Setting pcr sub-encoding to TS1/4 on input line 289.
Package textcomp Info: Setting phv sub-encoding to TS1/4 on input line 290.
Package textcomp Info: Setting ppl sub-encoding to TS1/3 on input line 291.
Package textcomp Info: Setting pag sub-encoding to TS1/4 on input line 292.
Package textcomp Info: Setting pbk sub-encoding to TS1/4 on input line 293.
Package textcomp Info: Setting pnc sub-encoding to TS1/4 on input line 294.
Package textcomp Info: Setting pzc sub-encoding to TS1/4 on input line 295.
Package textcomp Info: Setting bch sub-encoding to TS1/4 on input line 296.
Package textcomp Info: Setting put sub-encoding to TS1/5 on input line 297.
Package textcomp Info: Setting uag sub-encoding to TS1/5 on input line 298.
Package textcomp Info: Setting ugq sub-encoding to TS1/5 on input line 299.
Package textcomp Info: Setting ul8 sub-encoding to TS1/4 on input line 300.
Package textcomp Info: Setting ul9 sub-encoding to TS1/4 on input line 301.
Package textcomp Info: Setting augie sub-encoding to TS1/5 on input line 302.
Package textcomp Info: Setting dayrom sub-encoding to TS1/3 on input line 303.
Package textcomp Info: Setting dayroms sub-encoding to TS1/3 on input line 304.

Package textcomp Info: Setting pxr sub-encoding to TS1/0 on input line 305.
Package textcomp Info: Setting pxss sub-encoding to TS1/0 on input line 306.
Package textcomp Info: Setting pxtt sub-encoding to TS1/0 on input line 307.
Package textcomp Info: Setting txr sub-encoding to TS1/0 on input line 308.
Package textcomp Info: Setting txss sub-encoding to TS1/0 on input line 309.
Package textcomp Info: Setting txtt sub-encoding to TS1/0 on input line 310.
Package textcomp Info: Setting futs sub-encoding to TS1/4 on input line 311.
Package textcomp Info: Setting futx sub-encoding to TS1/4 on input line 312.
Package textcomp Info: Setting futj sub-encoding to TS1/4 on input line 313.
Package textcomp Info: Setting hlh sub-encoding to TS1/3 on input line 314.
Package textcomp Info: Setting hls sub-encoding to TS1/3 on input line 315.
Package textcomp Info: Setting hlst sub-encoding to TS1/3 on input line 316.
Package textcomp Info: Setting hlct sub-encoding to TS1/5 on input line 317.
Package textcomp Info: Setting hlx sub-encoding to TS1/5 on input line 318.
Package textcomp Info: Setting hlce sub-encoding to TS1/5 on input line 319.
Package textcomp Info: Setting hlcn sub-encoding to TS1/5 on input line 320.
Package textcomp Info: Setting hlcw sub-encoding to TS1/5 on input line 321.
Package textcomp Info: Setting hlcf sub-encoding to TS1/5 on input line 322.
Package textcomp Info: Setting pplx sub-encoding to TS1/3 on input line 323.
Package textcomp Info: Setting pplj sub-encoding to TS1/3 on input line 324.
Package textcomp Info: Setting ptmx sub-encoding to TS1/4 on input line 325.
Package textcomp Info: Setting ptmj sub-encoding to TS1/4 on input line 326.
)
(/usr/local/texlive/2011/texmf-dist/tex/latex/wasysym/wasysym.sty
Package: wasysym 2003/10/30 v2.0 Wasy-2 symbol support package
\symwasy=\mathgroup4
LaTeX Font Info:    Overwriting symbol font `wasy' in version `bold'
(Font)                  U/wasy/m/n --> U/wasy/b/n on input line 90.
)
(/usr/local/texlive/2011/texmf-dist/tex/latex/base/fontenc.sty
Package: fontenc 2005/09/27 v1.99g Standard LaTeX package

(/usr/local/texlive/2011/texmf-dist/tex/latex/base/t1enc.def
File: t1enc.def 2005/09/27 v1.99g Standard LaTeX file
LaTeX Font Info:    Redeclaring font encoding T1 on input line 43.
))
(/usr/local/texlive/2011/texmf-dist/tex/latex/psnfss/helvet.sty
Package: helvet 2005/04/12 PSNFSS-v9.2a (WaS) 
)
(/usr/local/texlive/2011/texmf-dist/tex/latex/psnfss/courier.sty
Package: courier 2005/04/12 PSNFSS-v9.2a (WaS) 
)
(/usr/local/texlive/2011/texmf-dist/tex/latex/amsfonts/amssymb.sty
Package: amssymb 2009/06/22 v3.00

(/usr/local/texlive/2011/texmf-dist/tex/latex/amsfonts/amsfonts.sty
Package: amsfonts 2009/06/22 v3.00 Basic AMSFonts support
\@emptytoks=\toks34
\symAMSa=\mathgroup5
\symAMSb=\mathgroup6
LaTeX Font Info:    Overwriting math alphabet `\mathfrak' in version `bold'
(Font)                  U/euf/m/n --> U/euf/b/n on input line 96.
))
(/usr/local/texlive/2011/texmf-dist/tex/latex/sectsty/sectsty.sty
Package: sectsty 2002/02/25 v2.0.2 Commands to change all sectional heading sty
les
)
(/usr/local/texlive/2011/texmf-dist/tex/latex/geometry/geometry.sty
Package: geometry 2010/09/12 v5.6 Page Geometry

(/usr/local/texlive/2011/texmf-dist/tex/generic/oberdiek/ifpdf.sty
Package: ifpdf 2011/01/30 v2.3 Provides the ifpdf switch (HO)
Package ifpdf Info: pdfTeX in PDF mode is detected.
)
(/usr/local/texlive/2011/texmf-dist/tex/generic/oberdiek/ifvtex.sty
Package: ifvtex 2010/03/01 v1.5 Switches for detecting VTeX and its modes (HO)
Package ifvtex Info: VTeX not detected.
)
(/usr/local/texlive/2011/texmf-dist/tex/generic/ifxetex/ifxetex.sty
Package: ifxetex 2010/09/12 v0.6 Provides ifxetex conditional
)
\Gm@cnth=\count125
\Gm@cntv=\count126
\c@Gm@tempcnt=\count127
\Gm@bindingoffset=\dimen169
\Gm@wd@mp=\dimen170
\Gm@odd@mp=\dimen171
\Gm@even@mp=\dimen172
\Gm@layoutwidth=\dimen173
\Gm@layoutheight=\dimen174
\Gm@layouthoffset=\dimen175
\Gm@layoutvoffset=\dimen176
\Gm@dimlist=\toks35
)
(/usr/local/texlive/2011/texmf-dist/tex/latex/fancyhdr/fancyhdr.sty
\fancy@headwidth=\skip57
\f@ncyO@elh=\skip58
\f@ncyO@erh=\skip59
\f@ncyO@olh=\skip60
\f@ncyO@orh=\skip61
\f@ncyO@elf=\skip62
\f@ncyO@erf=\skip63
\f@ncyO@olf=\skip64
\f@ncyO@orf=\skip65
)
(/usr/local/texlive/2011/texmf-dist/tex/latex/natbib/natbib.sty
Package: natbib 2010/09/13 8.31b (PWD, AO)
\bibhang=\skip66
\bibsep=\skip67
LaTeX Info: Redefining \cite on input line 694.
\c@NAT@ctr=\count128
)
(/usr/local/texlive/2011/texmf-dist/tex/latex/tocloft/tocloft.sty
Package: tocloft 2010/10/13 v2.3e parameterised ToC, etc., typesetting
Package tocloft Info: The document has chapter divisions on input line 43.
\cftparskip=\skip68
\cftbeforetoctitleskip=\skip69
\cftaftertoctitleskip=\skip70
\cftbeforepartskip=\skip71
\cftpartnumwidth=\skip72
\cftpartindent=\skip73
\cftbeforechapskip=\skip74
\cftchapindent=\skip75
\cftchapnumwidth=\skip76
\cftbeforesecskip=\skip77
\cftsecindent=\skip78
\cftsecnumwidth=\skip79
\cftbeforesubsecskip=\skip80
\cftsubsecindent=\skip81
\cftsubsecnumwidth=\skip82
\cftbeforesubsubsecskip=\skip83
\cftsubsubsecindent=\skip84
\cftsubsubsecnumwidth=\skip85
\cftbeforeparaskip=\skip86
\cftparaindent=\skip87
\cftparanumwidth=\skip88
\cftbeforesubparaskip=\skip89
\cftsubparaindent=\skip90
\cftsubparanumwidth=\skip91
\cftbeforeloftitleskip=\skip92
\cftafterloftitleskip=\skip93
\cftbeforefigskip=\skip94
\cftfigindent=\skip95
\cftfignumwidth=\skip96
\c@lofdepth=\count129
\c@lotdepth=\count130
\cftbeforelottitleskip=\skip97
\cftafterlottitleskip=\skip98
\cftbeforetabskip=\skip99
\cfttabindent=\skip100
\cfttabnumwidth=\skip101
)
\@indexfile=\write4
\openout4 = `refman.idx'.


Writing index file refman.idx
(/usr/local/texlive/2011/texmf-dist/tex/latex/caption/caption.sty
Package: caption 2010/01/09 v3.1m Customizing captions (AR)

(/usr/local/texlive/2011/texmf-dist/tex/latex/caption/caption3.sty
Package: caption3 2010/01/14 v3.1m caption3 kernel (AR)
\captionmargin=\dimen177
\captionmargin@=\dimen178
\captionwidth=\dimen179
\caption@indent=\dimen180
\caption@parindent=\dimen181
\caption@hangindent=\dimen182
)
\c@ContinuedFloat=\count131
Package caption Info: float package is loaded.
Package caption Info: longtable package is loaded.

(/usr/local/texlive/2011/texmf-dist/tex/latex/caption/ltcaption.sty
Package: ltcaption 2008/03/28 v1.2 longtable captions (AR)
))
No file refman.aux.
\openout1 = `refman.aux'.

LaTeX Font Info:    Checking defaults for OML/cmm/m/it on input line 103.
LaTeX Font Info:    ... okay on input line 103.
LaTeX Font Info:    Checking defaults for T1/cmr/m/n on input line 103.
LaTeX Font Info:    ... okay on input line 103.
LaTeX Font Info:    Checking defaults for OT1/cmr/m/n on input line 103.
LaTeX Font Info:    ... okay on input line 103.
LaTeX Font Info:    Checking defaults for OMS/cmsy/m/n on input line 103.
LaTeX Font Info:    ... okay on input line 103.
LaTeX Font Info:    Checking defaults for OMX/cmex/m/n on input line 103.
LaTeX Font Info:    ... okay on input line 103.
LaTeX Font Info:    Checking defaults for U/cmr/m/n on input line 103.
LaTeX Font Info:    ... okay on input line 103.
LaTeX Font Info:    Checking defaults for TS1/cmr/m/n on input line 103.
LaTeX Font Info:    Try loading font information for TS1+cmr on input line 103.

(/usr/local/texlive/2011/texmf-dist/tex/latex/base/ts1cmr.fd
File: ts1cmr.fd 1999/05/25 v2.5h Standard LaTeX font definitions
)
LaTeX Font Info:    ... okay on input line 103.
LaTeX Font Info:    Try loading font information for T1+phv on input line 103.

(/usr/local/texlive/2011/texmf-dist/tex/latex/psnfss/t1phv.fd
File: t1phv.fd 2001/06/04 scalable font definitions for T1/phv.
)
LaTeX Font Info:    Font shape `T1/phv/m/n' will be
(Font)              scaled to size 8.99994pt on input line 103.

(/usr/local/texlive/2011/texmf-dist/tex/context/base/supp-pdf.mkii
[Loading MPS to PDF converter (version 2006.09.02).]
\scratchcounter=\count132
\scratchdimen=\dimen183
\scratchbox=\box71
\nofMPsegments=\count133
\nofMParguments=\count134
\everyMPshowfont=\toks36
\MPscratchCnt=\count135
\MPscratchDim=\dimen184
\MPnumerator=\count136
\makeMPintoPDFobject=\count137
\everyMPtoPDFconversion=\toks37
) (/usr/local/texlive/2011/texmf-dist/tex/generic/oberdiek/pdftexcmds.sty
Package: pdftexcmds 2011/04/22 v0.16 Utilities of pdfTeX for LuaTeX (HO)

(/usr/local/texlive/2011/texmf-dist/tex/generic/oberdiek/ifluatex.sty
Package: ifluatex 2010/03/01 v1.3 Provides the ifluatex switch (HO)
Package ifluatex Info: LuaTeX not detected.
)
Package pdftexcmds Info: LuaTeX not detected.
Package pdftexcmds Info: \pdf@primitive is available.
Package pdftexcmds Info: \pdf@ifprimitive is available.
Package pdftexcmds Info: \pdfdraftmode found.
)
(/usr/local/texlive/2011/texmf-dist/tex/latex/oberdiek/epstopdf-base.sty
Package: epstopdf-base 2010/02/09 v2.5 Base part for package epstopdf

(/usr/local/texlive/2011/texmf-dist/tex/latex/oberdiek/grfext.sty
Package: grfext 2010/08/19 v1.1 Managing graphics extensions (HO)

(/usr/local/texlive/2011/texmf-dist/tex/generic/oberdiek/kvdefinekeys.sty
Package: kvdefinekeys 2011/04/07 v1.3 Defining keys (HO)
))
(/usr/local/texlive/2011/texmf-dist/tex/latex/oberdiek/kvoptions.sty
Package: kvoptions 2010/12/23 v3.10 Keyval support for LaTeX options (HO)

(/usr/local/texlive/2011/texmf-dist/tex/generic/oberdiek/kvsetkeys.sty
Package: kvsetkeys 2011/04/07 v1.13 Key value parser (HO)

(/usr/local/texlive/2011/texmf-dist/tex/generic/oberdiek/etexcmds.sty
Package: etexcmds 2011/02/16 v1.5 Prefix for e-TeX command names (HO)
Package etexcmds Info: Could not find \expanded.
(etexcmds)             That can mean that you are not using pdfTeX 1.50 or
(etexcmds)             that some package has redefined \expanded.
(etexcmds)             In the latter case, load this package earlier.
)))
Package grfext Info: Graphics extension search list:
(grfext)             [.png,.pdf,.jpg,.mps,.jpeg,.jbig2,.jb2,.PNG,.PDF,.JPG,.JPE
G,.JBIG2,.JB2,.eps]
(grfext)             \AppendGraphicsExtensions on input line 452.

(/usr/local/texlive/2011/texmf-dist/tex/latex/latexconfig/epstopdf-sys.cfg
File: epstopdf-sys.cfg 2010/07/13 v1.3 Configuration of (r)epstopdf for TeX Liv
e
))
ABD: EveryShipout initializing macros
*geometry* driver: auto-detecting
*geometry* detected driver: pdftex
*geometry* verbose mode - [ preamble ] result:
* driver: pdftex
* paper: a4paper
* layout: <same size as paper>
* layoutoffset:(h,v)=(0.0pt,0.0pt)
* modes: twoside 
* h-part:(L,W,R)=(71.13188pt, 455.24411pt, 71.13188pt)
* v-part:(T,H,B)=(71.13188pt, 702.78308pt, 71.13188pt)
* \paperwidth=597.50787pt
* \paperheight=845.04684pt
* \textwidth=455.24411pt
* \textheight=702.78308pt
* \oddsidemargin=-1.1381pt
* \evensidemargin=-1.1381pt
* \topmargin=-31.2056pt
* \headheight=12.0pt
* \headsep=18.06749pt
* \topskip=10.0pt
* \footskip=25.29494pt
* \marginparwidth=125.0pt
* \marginparsep=7.0pt
* \columnsep=10.0pt
* \skip\footins=9.0pt plus 4.0pt minus 2.0pt
* \hoffset=0.0pt
* \voffset=0.0pt
* \mag=1000
* \@twocolumnfalse
* \@twosidetrue
* \@mparswitchtrue
* \@reversemarginfalse
* (1in=72.27pt=25.4mm, 1cm=28.453pt)

Package caption Info: Begin \AtBeginDocument code.
Package caption Info: End \AtBeginDocument code.
LaTeX Font Info:    Font shape `T1/phv/m/n' will be
(Font)              scaled to size 12.9599pt on input line 110.
LaTeX Font Info:    Font shape `T1/phv/m/n' will be
(Font)              scaled to size 6.29996pt on input line 110.
LaTeX Font Info:    Try loading font information for U+wasy on input line 110.
(/usr/local/texlive/2011/texmf-dist/tex/latex/wasysym/uwasy.fd
File: uwasy.fd 2003/10/30 v2.0 Wasy-2 symbol font definitions
)
LaTeX Font Info:    Try loading font information for U+msa on input line 110.

(/usr/local/texlive/2011/texmf-dist/tex/latex/amsfonts/umsa.fd
File: umsa.fd 2009/06/22 v3.00 AMS symbols A
)
LaTeX Font Info:    Try loading font information for U+msb on input line 110.

(/usr/local/texlive/2011/texmf-dist/tex/latex/amsfonts/umsb.fd
File: umsb.fd 2009/06/22 v3.00 AMS symbols B
)
LaTeX Font Info:    Font shape `T1/phv/m/n' will be
(Font)              scaled to size 10.79993pt on input line 112.
 [1


{/usr/local/texlive/2011/texmf-var/fonts/map/pdftex/updmap/pdftex.map}] [2

]
LaTeX Font Info:    Font shape `T1/phv/m/n' will be
(Font)              scaled to size 22.39185pt on input line 117.
LaTeX Font Info:    Font shape `T1/phv/bx/n' in size <24.88> not available
(Font)              Font shape `T1/phv/b/n' tried instead on input line 117.
LaTeX Font Info:    Font shape `T1/phv/b/n' will be
(Font)              scaled to size 22.39185pt on input line 117.
LaTeX Font Info:    Font shape `T1/phv/bc/n' will be
(Font)              scaled to size 22.39185pt on input line 117.

No file refman.toc.
\tf@toc=\write5
\openout5 = `refman.toc'.

[1

] [2

]
Chapter 1.
LaTeX Font Info:    Font shape `T1/phv/m/n' will be
(Font)              scaled to size 18.66588pt on input line 122.
LaTeX Font Info:    Font shape `T1/phv/bx/n' in size <20.74> not available
(Font)              Font shape `T1/phv/b/n' tried instead on input line 122.
LaTeX Font Info:    Font shape `T1/phv/b/n' will be
(Font)              scaled to size 18.66588pt on input line 122.
LaTeX Font Info:    Font shape `T1/phv/bc/n' will be
(Font)              scaled to size 18.66588pt on input line 122.
LaTeX Font Info:    Font shape `T1/phv/bc/n' will be
(Font)              scaled to size 6.29996pt on input line 122.
(./index.tex
LaTeX Font Info:    Font shape `T1/phv/bx/n' in size <14.4> not available
(Font)              Font shape `T1/phv/b/n' tried instead on input line 1.
LaTeX Font Info:    Font shape `T1/phv/b/n' will be
(Font)              scaled to size 12.9599pt on input line 1.
LaTeX Font Info:    Font shape `T1/phv/bc/n' will be
(Font)              scaled to size 12.9599pt on input line 1.
LaTeX Font Info:    Try loading font information for T1+pcr on input line 4.
 (/usr/local/texlive/2011/texmf-dist/tex/latex/psnfss/t1pcr.fd
File: t1pcr.fd 2001/06/04 font definitions for T1/pcr.
)
LaTeX Font Info:    Font shape `T1/phv/bx/n' in size <10> not available
(Font)              Font shape `T1/phv/b/n' tried instead on input line 9.
LaTeX Font Info:    Font shape `T1/phv/b/n' will be
(Font)              scaled to size 8.99994pt on input line 9.


LaTeX Warning: Reference `index_mainpage-suite' on page 1 undefined on input li
ne 9.

[1

]
Underfull \hbox (badness 10000) in paragraph at lines 18--18
[]\T1/pcr/m/n/10 Interoperable Physics Driver and Common Community Physics Pack
age (C[]C[]PP)[]
 []

LaTeX Font Info:    Font shape `T1/phv/bx/n' in size <7> not available
(Font)              Font shape `T1/phv/b/n' tried instead on input line 33.
LaTeX Font Info:    Font shape `T1/phv/b/n' will be
(Font)              scaled to size 6.29996pt on input line 33.
[2]
LaTeX Font Info:    Font shape `T1/phv/m/n' will be
(Font)              scaled to size 7.19995pt on input line 36.
LaTeX Font Info:    Try loading font information for TS1+phv on input line 62.
 (/usr/local/texlive/2011/texmf-dist/tex/latex/psnfss/ts1phv.fd
File: ts1phv.fd 2001/06/04 scalable font definitions for TS1/phv.
)
LaTeX Font Info:    Font shape `TS1/phv/m/n' will be
(Font)              scaled to size 8.99994pt on input line 62.
LaTeX Font Info:    Font shape `T1/phv/bx/n' in size <12> not available
(Font)              Font shape `T1/phv/b/n' tried instead on input line 80.
LaTeX Font Info:    Font shape `T1/phv/b/n' will be
(Font)              scaled to size 10.79993pt on input line 80.
LaTeX Font Info:    Font shape `T1/phv/bc/n' will be
(Font)              scaled to size 10.79993pt on input line 80.
LaTeX Font Info:    Font shape `T1/phv/m/it' in size <10> not available
(Font)              Font shape `T1/phv/m/sl' tried instead on input line 81.
LaTeX Font Info:    Font shape `T1/phv/m/sl' will be
(Font)              scaled to size 8.99994pt on input line 81.
 [3]
[4] [5]) [6]
Chapter 2.
(./log.tex
Overfull \hbox (73.23322pt too wide) in paragraph at lines 3--4
[]\T1/phv/m/n/10 svn check-out \T1/pcr/m/n/10 https[]://svnemc.[]ncep.[]noaa.[]
gov/projects/gsm/branches/[]D[]T[]C/phys-doc-all/gsmphys 
 []

LaTeX Font Info:    Font shape `T1/phv/bc/n' will be
(Font)              scaled to size 8.99994pt on input line 4.

Underfull \hbox (badness 10000) detected at line 4
[][][]
 []


Underfull \hbox (badness 10000) detected at line 8
[][][]
 []


Underfull \hbox (badness 1331) in paragraph at lines 12--14
\T1/phv/m/n/10 C/phys-doc-all/dyn M /gsm/branches/[]D[]T[]C/phys-doc-all/dyn/do
[]_[]dynamics[]_[]slg[]_[]loop.f M /gsm/branches/[]
 []


Underfull \hbox (badness 10000) in paragraph at lines 12--14
\T1/phv/m/n/10 D[]T[]C/phys-doc-all/dyn/gfs[]_[]dynamics[]_[]grid[]_[]comp[]_[]
mod.f M /gsm/branches/[]D[]T[]C/phys-doc-all/dyn/gfs[]_[]
 []


Underfull \hbox (badness 1509) in paragraph at lines 12--14
\T1/phv/m/n/10 dynamics[]_[]initialize[]_[]slg[]_[]mod.f M /gsm/branches/[]D[]T
[]C/phys-doc-all/gsmphys A /gsm/branches/[]D[]T[]C/phys-
 []


Underfull \hbox (badness 2213) in paragraph at lines 12--14
\T1/phv/m/n/10 doc-all/io (from /gsm/trunk/io[]:82951) M /gsm/branches/[]D[]T[]
C/phys-doc-all/libutil M /gsm/branches/[]D[]T[]
 []


Underfull \hbox (badness 10000) in paragraph at lines 12--14
\T1/phv/m/n/10 A /gsm/branches/[]D[]T[]C/phys-doc-all/libutil/module[]_[][]T[]I
[]M[]E[]RS.F90 (from /gsm/trunk/libutil/module[]_[][]T[]I[]M[]E[]
 []


Underfull \hbox (badness 2181) in paragraph at lines 12--14
\T1/phv/m/n/10 RS.F90[]:82951) M /gsm/branches/[]D[]T[]C/phys-doc-all/libutil/m
odule[]_[]gfs[]_[]mpi[]_[]def.F90 M /gsm/branches/[]
 []


Underfull \hbox (badness 10000) in paragraph at lines 12--14
\T1/phv/m/n/10 D[]T[]C/phys-doc-all/makefile M /gsm/branches/[]D[]T[]C/phys-doc
-all/module[]_[][]G[]F[]S[]_[][]C[]O[]R[]E[]_[][]S[]E[]T[]UP.F90 M
 []


Underfull \hbox (badness 10000) in paragraph at lines 12--14
\T1/phv/m/n/10 /gsm/branches/[]D[]T[]C/phys-doc-all/module[]_[][]G[]F[]S[]_[][]
G[]R[]I[]D[]_[][]C[]O[]MP.F90 M /gsm/branches/[]D[]T[]C/phys-doc-
 []


Underfull \hbox (badness 10000) in paragraph at lines 12--14
\T1/phv/m/n/10 all/module[]_[][]G[]F[]S[]_[][]G[]R[]I[]D[]_[][]C[]O[]M[]P[]_[]s
tub.F90 M /gsm/branches/[]D[]T[]C/phys-doc-all/module[]_[][]G[]F[]S[]_[][]I[]N[
]T[]E[]G[]R[]A[]
 []


Underfull \hbox (badness 2556) in paragraph at lines 12--14
\T1/phv/m/n/10 TE.F90 M /gsm/branches/[]D[]T[]C/phys-doc-all/module[]_[][]G[]F[
]S[]_[][]I[]N[]T[]E[]R[]N[]A[]L[]_[][]S[]T[]A[]TE.F90 M /gsm/branches/[]
 []


Underfull \hbox (badness 10000) in paragraph at lines 12--14
\T1/phv/m/n/10 D[]T[]C/phys-doc-all/module[]_[][]G[]O[]C[]A[]R[]T[]_[][]R[]O[]U
[]T[]I[]N[]ES.F90 M /gsm/branches/[]D[]T[]C/phys-doc-all/module[]_[][]G[]O[]
 []


Underfull \hbox (badness 1917) in paragraph at lines 12--14
\T1/phv/m/n/10 C[]A[]R[]T[]_[][]R[]O[]U[]T[]I[]N[]E[]S[]_[]stub.F90 M /gsm/bran
ches/[]D[]T[]C/phys-doc-all/phys M /gsm/branches/[]D[]T[]C/phys-doc-
 []


Underfull \hbox (badness 3919) in paragraph at lines 12--14
\T1/phv/m/n/10 /gsm/branches/[]D[]T[]C/phys-doc-all/phys/gloopb.f M /gsm/branch
es/[]D[]T[]C/phys-doc-all/phys/gloopr.f ----------
 []


Underfull \hbox (badness 1648) in paragraph at lines 12--14
\T1/phv/m/n/10 -------------------------------------------------------------- r
82951 $\OMS/cmsy/m/n/10 j$ \T1/pcr/m/n/10 man.[]zhang@noaa.[]gov $\OMS/cmsy/m/n
/10 j$ \T1/phv/m/n/10 2016-10-11 11[]
 []


Underfull \hbox (badness 4060) in paragraph at lines 12--14
\T1/phv/m/n/10 C[]C[]P[]P/library.bib M /gsm/branches/[]D[]T[]C/phys-doc-all/gs
mphys/grrad.f M /gsm/branches/[]D[]T[]C/phys-doc-
 []


Underfull \hbox (badness 6412) in paragraph at lines 12--14
\T1/phv/m/n/10 all/gsmphys/gscond.f M /gsm/branches/[]D[]T[]C/phys-doc-all/gsmp
hys/moninedmf.f M /gsm/branches/[]D[]
 []


Underfull \hbox (badness 7925) in paragraph at lines 12--14
\T1/phv/m/n/10 T[]C/phys-doc-all/gsmphys/precpd.f M /gsm/branches/[]D[]T[]C/phy
s-doc-all/gsmphys/radsw[]_[]main.f fix doc-
 []


Underfull \hbox (badness 4366) in paragraph at lines 12--14
\T1/phv/m/n/10 u-men-ta-tion bugs ---------------------------------------------
--------------------------- r82897 $\OMS/cmsy/m/n/10 j$ \T1/pcr/m/n/10 grantf@u
car.[]
 []


Underfull \hbox (badness 10000) in paragraph at lines 12--14
\T1/phv/m/n/10 D[]T[]C/phys-doc-all/docs/[]C[]C[]P[]P/ccpp[]_[]dox M /gsm/branc
hes/[]D[]T[]C/phys-doc-all/docs/[]C[]C[]P[]P/txt/log.txt M
 []


Underfull \hbox (badness 1430) in paragraph at lines 12--14
\T1/phv/m/n/10 /gsm/branches/[]D[]T[]C/phys-doc-all/gsmphys/gbphys.f doxy-gen c
or-rec-tion; fixed miss-ing ! on line 630
 []


Underfull \hbox (badness 2744) in paragraph at lines 12--14
\T1/phv/m/n/10 in gbphys.[]f --------------------------------------------------
---------------------- r82787 $\OMS/cmsy/m/n/10 j$ \T1/pcr/m/n/10 man.[]zhang@n
oaa.[]gov
 []


Underfull \hbox (badness 1043) in paragraph at lines 12--14
\OMS/cmsy/m/n/10 j$ \T1/phv/m/n/10 2016-10-05 15[]:34[]:43 -0600 (Wed, 05 Oct 2
016) $\OMS/cmsy/m/n/10 j$ \T1/phv/m/n/10 1 line Changed paths[]: M /gsm/branche
s/[]D[]
 []


Underfull \hbox (badness 6204) in paragraph at lines 12--14
\T1/phv/m/n/10 T[]C/phys-doc-all M /gsm/branches/[]D[]T[]C/phys-doc-all/dyn M /
gsm/branches/[]D[]T[]C/phys-doc-all/dyn/gfs[]
 []


Underfull \hbox (badness 10000) in paragraph at lines 12--14
\T1/phv/m/n/10 _[]dynamics[]_[]initialize[]_[]slg[]_[]mod.f M /gsm/branches/[]D
[]T[]C/phys-doc-all/gsmphys M /gsm/branches/[]D[]T[]
 []


Underfull \hbox (badness 10000) in paragraph at lines 12--14
\T1/phv/m/n/10 C/phys-doc-all/gsmphys/[]R[]E[]A[]D[]ME.P[]H[]Y[]S[]D[]RV M /gsm
/branches/[]D[]T[]C/phys-doc-all/gsmphys/nuopc[]_[]
 []


Underfull \hbox (badness 5064) in paragraph at lines 12--14
\T1/phv/m/n/10 physics.F90 M /gsm/branches/[]D[]T[]C/phys-doc-all/libutil M /gs
m/branches/[]D[]T[]C/phys-doc-all/makefile M
 []


Underfull \hbox (badness 10000) in paragraph at lines 12--14
\T1/phv/m/n/10 /gsm/branches/[]D[]T[]C/phys-doc-all/module[]_[][]G[]F[]S[]_[][]
C[]O[]R[]E[]_[][]S[]E[]T[]UP.F90 M /gsm/branches/[]D[]T[]C/phys-doc-
 []


Underfull \hbox (badness 10000) in paragraph at lines 12--14
\T1/phv/m/n/10 all/module[]_[][]G[]F[]S[]_[][]G[]R[]I[]D[]_[][]C[]O[]MP.F90 M /
gsm/branches/[]D[]T[]C/phys-doc-all/module[]_[][]G[]F[]S[]_[][]G[]R[]I[]D[]_[][
]C[]O[]M[]P[]
 []


Underfull \hbox (badness 5302) in paragraph at lines 12--14
\T1/phv/m/n/10 _[]stub.F90 M /gsm/branches/[]D[]T[]C/phys-doc-all/module[]_[][]
G[]F[]S[]_[][]I[]N[]T[]E[]G[]R[]A[]TE.F90 M /gsm/branches/[]D[]T[]
 []


Underfull \hbox (badness 7832) in paragraph at lines 12--14
\T1/phv/m/n/10 C/phys-doc-all/module[]_[][]G[]F[]S[]_[][]I[]N[]T[]E[]R[]N[]A[]L
[]_[][]S[]T[]A[]TE.F90 M /gsm/branches/[]D[]T[]C/phys-doc-all/module[]_[][]G[]O
[]
 []


Underfull \hbox (badness 5036) in paragraph at lines 12--14
\T1/phv/m/n/10 C[]A[]R[]T[]_[][]R[]O[]U[]T[]I[]N[]ES.F90 M /gsm/branches/[]D[]T
[]C/phys-doc-all/module[]_[][]G[]O[]C[]A[]R[]T[]_[][]R[]O[]U[]T[]I[]N[]E[]S[]_[
]stub.F90 M
 []


Underfull \hbox (badness 10000) in paragraph at lines 12--14
\T1/phv/m/n/10 /gsm/branches/[]D[]T[]C/phys-doc-all/phys M /gsm/branches/[]D[]T
[]C/phys-doc-all/phys/do[]_[]physics[]_[]one[]_[]step.f
 []


Underfull \hbox (badness 10000) in paragraph at lines 12--14
\T1/phv/m/n/10 M /gsm/branches/[]D[]T[]C/phys-doc-all/phys/gfs[]_[]physics[]_[]
initialize[]_[]mod.f M /gsm/branches/[]D[]T[]C/phys-doc-
 []


Underfull \hbox (badness 1484) in paragraph at lines 12--14
\T1/phv/m/n/10 all/phys/gloopb.f M /gsm/branches/[]D[]T[]C/phys-doc-all/phys/gl
oopr.f ----------------------------------------------------
 []


Underfull \hbox (badness 10000) in paragraph at lines 12--14
\T1/phv/m/n/10 D[]T[]C/phys-doc-all/gsmphys/radsw[]_[]main.f M /gsm/branches/[]
D[]T[]C/phys-doc-all/gsmphys/sascnvn.f M
 []


Underfull \hbox (badness 1521) in paragraph at lines 12--14
\T1/phv/m/n/10 /gsm/branches/[]D[]T[]C/phys-doc-all/gsmphys/shalcnv.f mi-nor ch
anges on For-tran code ------------------------
 []


Underfull \hbox (badness 1092) in paragraph at lines 12--14
\T1/phv/m/n/10 ------------------------------------------------ r82744 $\OMS/cm
sy/m/n/10 j$ \T1/pcr/m/n/10 man.[]zhang@noaa.[]gov $\OMS/cmsy/m/n/10 j$ \T1/phv
/m/n/10 2016-10-05 09[]:23[]:05 -0600
 []


Underfull \hbox (badness 2753) in paragraph at lines 12--14
\T1/phv/m/n/10 gen doc-u-men-ta-tion and re-lated text files up-date ----------
-----------------------------------------------------------
 []


Underfull \hbox (badness 1147) in paragraph at lines 12--14
\T1/phv/m/n/10 --- r82743 $\OMS/cmsy/m/n/10 j$ \T1/pcr/m/n/10 man.[]zhang@noaa.
[]gov $\OMS/cmsy/m/n/10 j$ \T1/phv/m/n/10 2016-10-05 09[]:22[]:16 -0600 (Wed, 0
5 Oct 2016) $\OMS/cmsy/m/n/10 j$ \T1/phv/m/n/10 1 line
 []


Underfull \hbox (badness 4036) in paragraph at lines 12--14
\T1/phv/m/n/10 Changed paths[]: M /gsm/branches/[]D[]T[]C/phys-doc-all/docs/[]C
[]C[]P[]P/gen[]_[]doxfile M /gsm/branches/[]D[]T[]
 []


Underfull \hbox (badness 3838) in paragraph at lines 12--14
\T1/phv/m/n/10 C/phys-doc-all/docs/[]C[]C[]P[]P/library.bib M /gsm/branches/[]D
[]T[]C/phys-doc-all/docs/[]C[]C[]P[]P/txt/mainpage.txt M
 []


Underfull \hbox (badness 1448) in paragraph at lines 12--14
\T1/phv/m/n/10 /gsm/branches/[]D[]T[]C/phys-doc-all/gsmphys/gbphys.f M /gsm/bra
nches/[]D[]T[]C/phys-doc-all/gsmphys/gscond.f
 []


Overfull \hbox (36.22574pt too wide) in paragraph at lines 12--14
\T1/phv/m/n/10 M /gsm/branches/[]D[]T[]C/phys-doc-all/gsmphys/radiation[]_[]clo
uds.f M /gsm/branches/[]D[]T[]C/phys-doc-all/gsmphys/radsw[]
 []


Overfull \hbox (37.1621pt too wide) in paragraph at lines 12--14
\T1/phv/m/n/10 _[]main.f M /gsm/branches/[]D[]T[]C/phys-doc-all/gsmphys/sascnvn
.f M /gsm/branches/[]D[]T[]C/phys-doc-all/gsmphys/shalcnv.f
 []


Underfull \hbox (badness 1342) in paragraph at lines 12--14
\T1/phv/m/n/10 doxy-gen doc-u-men-ta-tion and re-lated text files up-date -----
------------------------------------------------------------
 []


Underfull \hbox (badness 795) in paragraph at lines 12--14
\T1/phv/m/n/10 doxy-gen setup mi-nor changes ----------------------------------
-------------------------------------- r82506 $\OMS/cmsy/m/n/10 j$ \T1/pcr/m/n/
10 man.[]
 []


Underfull \hbox (badness 972) in paragraph at lines 12--14
\T1/pcr/m/n/10 zhang@noaa.[]gov $\OMS/cmsy/m/n/10 j$ \T1/phv/m/n/10 2016-09-30 
15[]:10[]:19 -0600 (Fri, 30 Sep 2016) $\OMS/cmsy/m/n/10 j$ \T1/phv/m/n/10 1 lin
e Changed paths[]: M
 []


Underfull \hbox (badness 10000) in paragraph at lines 12--14
\T1/phv/m/n/10 D[]T[]C/phys-doc-all/gsmphys/grrad.f M /gsm/branches/[]D[]T[]C/p
hys-doc-all/gsmphys/nuopc[]_[]physics.F90 M
 []


Underfull \hbox (badness 10000) in paragraph at lines 12--14
\T1/phv/m/n/10 D[]T[]C/phys-doc-all/module[]_[][]G[]F[]S[]_[][]I[]N[]T[]E[]G[]R
[]A[]TE.F90 M /gsm/branches/[]D[]T[]C/phys-doc-all/module[]_[][]G[]F[]
 []


Underfull \hbox (badness 10000) in paragraph at lines 12--14
\T1/phv/m/n/10 S[]_[][]I[]N[]T[]E[]R[]N[]A[]L[]_[][]S[]T[]A[]TE.F90 M /gsm/bran
ches/[]D[]T[]C/phys-doc-all/module[]_[][]G[]O[]C[]A[]R[]T[]_[][]R[]O[]U[]T[]I[]
N[]ES.F90
 []


Underfull \hbox (badness 10000) in paragraph at lines 12--14
\T1/phv/m/n/10 M /gsm/branches/[]D[]T[]C/phys-doc-all/module[]_[][]G[]O[]C[]A[]
R[]T[]_[][]R[]O[]U[]T[]I[]N[]E[]S[]_[]stub.F90 M /gsm/branches/[]D[]T[]
 []

[7

]) [8]
Chapter 3.
(./code.tex) [9

] [10

]
Chapter 4.
(./scm.tex) [11] [12

]
Chapter 5.
(./modules.tex

LaTeX Warning: Reference `group__rad' on page 13 undefined on input line 3.


LaTeX Warning: Reference `group__module__radiation__driver' on page 13 undefine
d on input line 5.

) [13] [14

]
Chapter 6.
(./namespaces.tex

LaTeX Warning: Reference `namespacegfs__driver' on page 15 undefined on input l
ine 3.


LaTeX Warning: Reference `namespacegfs__typedefs' on page 15 undefined on input
 line 4.


LaTeX Warning: Reference `namespaceipd__driver' on page 15 undefined on input l
ine 5.


LaTeX Warning: Reference `namespaceipd__typedefs' on page 15 undefined on input
 line 6.


LaTeX Warning: Reference `namespacemodule__physics__driver' on page 15 undefine
d on input line 7.


LaTeX Warning: Reference `namespacemodule__radiation__driver' on page 15 undefi
ned on input line 8.


LaTeX Warning: Reference `namespacephysics__abstraction__layer' on page 15 unde
fined on input line 9.


LaTeX Warning: Reference `namespacephysics__diag__layer' on page 15 undefined o
n input line 10.


LaTeX Warning: Reference `namespacephysics__restart__layer' on page 15 undefine
d on input line 11.

) [15] [16

]
Chapter 7.
(./annotated.tex

LaTeX Warning: Reference `structgfs__typedefs_1_1gfs__cldprop__type' on page 17
 undefined on input line 3.


LaTeX Warning: Reference `structgfs__typedefs_1_1gfs__control__type' on page 17
 undefined on input line 4.


LaTeX Warning: Reference `structgfs__typedefs_1_1gfs__coupling__type' on page 1
7 undefined on input line 5.


LaTeX Warning: Reference `structgfs__typedefs_1_1gfs__diag__type' on page 17 un
defined on input line 6.


LaTeX Warning: Reference `structgfs__typedefs_1_1gfs__grid__type' on page 17 un
defined on input line 7.


LaTeX Warning: Reference `structgfs__typedefs_1_1gfs__init__type' on page 17 un
defined on input line 8.


LaTeX Warning: Reference `structgfs__typedefs_1_1gfs__radtend__type' on page 17
 undefined on input line 9.


LaTeX Warning: Reference `structgfs__typedefs_1_1gfs__sfcprop__type' on page 17
 undefined on input line 10.


LaTeX Warning: Reference `structgfs__typedefs_1_1gfs__statein__type' on page 17
 undefined on input line 11.


LaTeX Warning: Reference `structgfs__typedefs_1_1gfs__stateout__type' on page 1
7 undefined on input line 12.


LaTeX Warning: Reference `structgfs__typedefs_1_1gfs__tbd__type' on page 17 und
efined on input line 13.


LaTeX Warning: Reference `structipd__typedefs_1_1ipd__data__type' on page 17 un
defined on input line 14.


LaTeX Warning: Reference `structipd__typedefs_1_1ipd__diag__type' on page 17 un
defined on input line 15.


LaTeX Warning: Reference `structipd__typedefs_1_1ipd__restart__type' on page 17
 undefined on input line 16.


LaTeX Warning: Reference `structipd__typedefs_1_1var__subtype' on page 17 undef
ined on input line 17.

) [17] [18

]
Chapter 8.
(./files.tex

LaTeX Warning: Reference `_g_f_s__abstraction__layer_8_f90' on page 19 undefine
d on input line 3.


LaTeX Warning: Reference `_g_f_s__diagnostics_8_f90' on page 19 undefined on in
put line 4.


LaTeX Warning: Reference `_g_f_s__driver_8_f90' on page 19 undefined on input l
ine 5.


LaTeX Warning: Reference `_g_f_s__physics__driver_8_f90' on page 19 undefined o
n input line 6.


LaTeX Warning: Reference `_g_f_s__radiation__driver_8_f90' on page 19 undefined
 on input line 7.


LaTeX Warning: Reference `_g_f_s__restart_8_f90' on page 19 undefined on input 
line 8.


LaTeX Warning: Reference `_g_f_s__typedefs_8_f90' on page 19 undefined on input
 line 9.


LaTeX Warning: Reference `_i_p_d__driver_8_f90' on page 19 undefined on input l
ine 10.


LaTeX Warning: Reference `_i_p_d__typedefs_8_f90' on page 19 undefined on input
 line 11.

) [19] [20

]
Chapter 9.
(./group__rad.tex) [21]
\openout2 = `group__module__radiation__driver.aux'.

 (./group__module__radiation__driver.tex
LaTeX Font Info:    Font shape `T1/phv/m/n' will be
(Font)              scaled to size 8.09995pt on input line 19.
LaTeX Font Info:    Font shape `T1/phv/m/it' in size <9> not available
(Font)              Font shape `T1/phv/m/sl' tried instead on input line 19.
LaTeX Font Info:    Font shape `T1/phv/m/sl' will be
(Font)              scaled to size 8.09995pt on input line 19.
LaTeX Font Info:    Font shape `T1/phv/m/it' in size <7> not available
(Font)              Font shape `T1/phv/m/sl' tried instead on input line 19.
LaTeX Font Info:    Font shape `T1/phv/m/sl' will be
(Font)              scaled to size 6.29996pt on input line 19.
LaTeX Font Info:    Font shape `TS1/phv/m/it' in size <9> not available
(Font)              Font shape `TS1/phv/m/sl' tried instead on input line 44.
LaTeX Font Info:    Font shape `TS1/phv/m/sl' will be
(Font)              scaled to size 8.09995pt on input line 44.


LaTeX Warning: Reference `namespacemodule__radiation__driver' on page 22 undefi
ned on input line 58.

[22

]

LaTeX Warning: Reference `group__module__radiation__driver_ga866dcd42f95b3e7df6
b448833fe7c33b' on page 23 undefined on input line 60.


LaTeX Warning: Reference `group__module__radiation__driver_ga28280ee9ea8ee0d183
ab9d541a31b718' on page 23 undefined on input line 61.


Underfull \hbox (badness 10000) detected at line 62
[][][]
 []

LaTeX Font Info:    Font shape `T1/pcr/m/it' in size <8> not available
(Font)              Font shape `T1/pcr/m/sl' tried instead on input line 73.
LaTeX Font Info:    Font shape `T1/pcr/m/it' in size <7> not available
(Font)              Font shape `T1/pcr/m/sl' tried instead on input line 73.

Package longtable Warning: Column widths have changed
(longtable)                in table 9.1 on input line 87.

[23]

Package longtable Warning: Column widths have changed
(longtable)                in table 9.2 on input line 140.


Underfull \vbox (badness 2042) has occurred while \output is active []

 [24]

Package longtable Warning: Column widths have changed
(longtable)                in table 9.3 on input line 385.

[25] [26] [27] [28]
Underfull \hbox (badness 5008) in paragraph at lines 403--404
[]\T1/phv/m/n/10 For Zhao/[]Moorthi\TS1/phv/m/n/10 '\T1/phv/m/n/10 s prog-nos-t
ic cloud+pdfcld, call module[]_[]radiation[]_[]clouds[]::progcld3() call
 []

[29] [30] [31]) [32]
Chapter 10.
(./namespacegfs__driver.tex [33


] [34] [35]) (./namespacegfs__typedefs.tex
[36]
LaTeX Font Info:    Font shape `T1/pcr/bx/n' in size <8> not available
(Font)              Font shape `T1/pcr/b/n' tried instead on input line 83.
LaTeX Font Info:    Font shape `T1/pcr/bx/n' in size <7> not available
(Font)              Font shape `T1/pcr/b/n' tried instead on input line 83.
 [37] [38] [39] [40] [41]) (./namespaceipd__driver.tex [42] [43])
(./namespaceipd__typedefs.tex) (./namespacemodule__physics__driver.tex [44]
[45] [46] [47] [48] [49] [50] [51] [52] [53])
(./namespacemodule__radiation__driver.tex [54] [55]
LaTeX Font Info:    Try loading font information for TS1+pcr on input line 58.

(/usr/local/texlive/2011/texmf-dist/tex/latex/psnfss/ts1pcr.fd
File: ts1pcr.fd 2001/06/04 font definitions for TS1/pcr.
)
Underfull \hbox (badness 10000) in paragraph at lines 58--59
\T1/pcr/m/n/8 character(40), parameter module[]_[]radiation[]_[]driver[]::vtagr
ad =\TS1/pcr/m/n/8 '\T1/pcr/m/n/8 N[]C[]EP-Radiation[]_[]driver v5.[]2 Jan
 []

) (./namespacephysics__abstraction__layer.tex)
(./namespacephysics__diag__layer.tex) (./namespacephysics__restart__layer.tex
[56]) [57] [58

]
Chapter 11.
(./structgfs__typedefs_1_1gfs__cldprop__type.tex [59])
(./structgfs__typedefs_1_1gfs__control__type.tex [60] [61] [62] [63] [64]
[65] [66] [67] [68] [69] [70] [71] [72] [73] [74] [75] [76] [77] [78] [79]
[80] [81] [82] [83] [84] [85] [86] [87] [88] [89] [90] [91] [92] [93] [94]
[95] [96] [97] [98] [99] [100])
(./structgfs__typedefs_1_1gfs__coupling__type.tex [101] [102] [103] [104]
[105] [106]
Underfull \hbox (badness 10000) in paragraph at lines 342--343
\T1/pcr/m/n/8 real (kind=kind[]_[]phys), dimension([]:), pointer gfs[]_[]typede
fs[]::gfs[]_[]coupling[]_[]type[]::dusfcin[]_[]cpl =$\OML/cmm/m/it/8 >$
 []


Underfull \hbox (badness 10000) in paragraph at lines 356--357
\T1/pcr/m/n/8 real (kind=kind[]_[]phys), dimension([]:), pointer gfs[]_[]typede
fs[]::gfs[]_[]coupling[]_[]type[]::dvsfcin[]_[]cpl =$\OML/cmm/m/it/8 >$
 []


Underfull \hbox (badness 10000) in paragraph at lines 370--371
\T1/pcr/m/n/8 real (kind=kind[]_[]phys), dimension([]:), pointer gfs[]_[]typede
fs[]::gfs[]_[]coupling[]_[]type[]::dtsfcin[]_[]cpl =$\OML/cmm/m/it/8 >$
 []


Underfull \hbox (badness 10000) in paragraph at lines 384--385
\T1/pcr/m/n/8 real (kind=kind[]_[]phys), dimension([]:), pointer gfs[]_[]typede
fs[]::gfs[]_[]coupling[]_[]type[]::dqsfcin[]_[]cpl =$\OML/cmm/m/it/8 >$
 []


Underfull \hbox (badness 10000) in paragraph at lines 398--399
\T1/pcr/m/n/8 real (kind=kind[]_[]phys), dimension([]:), pointer gfs[]_[]typede
fs[]::gfs[]_[]coupling[]_[]type[]::ulwsfcin[]_[]cpl =$\OML/cmm/m/it/8 >$
 []

[107]
Underfull \hbox (badness 10000) in paragraph at lines 412--413
\T1/pcr/m/n/8 real (kind=kind[]_[]phys), dimension([]:), pointer gfs[]_[]typede
fs[]::gfs[]_[]coupling[]_[]type[]::slimskin[]_[]cpl =$\OML/cmm/m/it/8 >$
 []


Underfull \hbox (badness 10000) in paragraph at lines 426--427
\T1/pcr/m/n/8 real (kind=kind[]_[]phys), dimension ([]:), pointer gfs[]_[]typed
efs[]::gfs[]_[]coupling[]_[]type[]::rain[]_[]cpl =$\OML/cmm/m/it/8 >$
 []


Underfull \hbox (badness 10000) in paragraph at lines 440--441
\T1/pcr/m/n/8 real (kind=kind[]_[]phys), dimension ([]:), pointer gfs[]_[]typed
efs[]::gfs[]_[]coupling[]_[]type[]::snow[]_[]cpl =$\OML/cmm/m/it/8 >$
 []


Underfull \hbox (badness 10000) in paragraph at lines 454--455
\T1/pcr/m/n/8 real (kind=kind[]_[]phys), dimension ([]:), pointer gfs[]_[]typed
efs[]::gfs[]_[]coupling[]_[]type[]::dusfc[]_[]cpl =$\OML/cmm/m/it/8 >$
 []


Underfull \hbox (badness 10000) in paragraph at lines 468--469
\T1/pcr/m/n/8 real (kind=kind[]_[]phys), dimension ([]:), pointer gfs[]_[]typed
efs[]::gfs[]_[]coupling[]_[]type[]::dvsfc[]_[]cpl =$\OML/cmm/m/it/8 >$
 []

[108]
Underfull \hbox (badness 10000) in paragraph at lines 482--483
\T1/pcr/m/n/8 real (kind=kind[]_[]phys), dimension ([]:), pointer gfs[]_[]typed
efs[]::gfs[]_[]coupling[]_[]type[]::dtsfc[]_[]cpl =$\OML/cmm/m/it/8 >$
 []


Underfull \hbox (badness 10000) in paragraph at lines 496--497
\T1/pcr/m/n/8 real (kind=kind[]_[]phys), dimension ([]:), pointer gfs[]_[]typed
efs[]::gfs[]_[]coupling[]_[]type[]::dqsfc[]_[]cpl =$\OML/cmm/m/it/8 >$
 []


Underfull \hbox (badness 10000) in paragraph at lines 510--511
\T1/pcr/m/n/8 real (kind=kind[]_[]phys), dimension([]:), pointer gfs[]_[]typede
fs[]::gfs[]_[]coupling[]_[]type[]::dlwsfc[]_[]cpl =$\OML/cmm/m/it/8 >$
 []


Underfull \hbox (badness 10000) in paragraph at lines 524--525
\T1/pcr/m/n/8 real (kind=kind[]_[]phys), dimension([]:), pointer gfs[]_[]typede
fs[]::gfs[]_[]coupling[]_[]type[]::dswsfc[]_[]cpl =$\OML/cmm/m/it/8 >$
 []


Underfull \hbox (badness 10000) in paragraph at lines 538--539
\T1/pcr/m/n/8 real (kind=kind[]_[]phys), dimension([]:), pointer gfs[]_[]typede
fs[]::gfs[]_[]coupling[]_[]type[]::dnirbm[]_[]cpl =$\OML/cmm/m/it/8 >$
 []

[109]
Underfull \hbox (badness 10000) in paragraph at lines 552--553
\T1/pcr/m/n/8 real (kind=kind[]_[]phys), dimension([]:), pointer gfs[]_[]typede
fs[]::gfs[]_[]coupling[]_[]type[]::dnirdf[]_[]cpl =$\OML/cmm/m/it/8 >$
 []


Underfull \hbox (badness 10000) in paragraph at lines 566--567
\T1/pcr/m/n/8 real (kind=kind[]_[]phys), dimension([]:), pointer gfs[]_[]typede
fs[]::gfs[]_[]coupling[]_[]type[]::dvisbm[]_[]cpl =$\OML/cmm/m/it/8 >$
 []


Underfull \hbox (badness 10000) in paragraph at lines 580--581
\T1/pcr/m/n/8 real (kind=kind[]_[]phys), dimension([]:), pointer gfs[]_[]typede
fs[]::gfs[]_[]coupling[]_[]type[]::dvisdf[]_[]cpl =$\OML/cmm/m/it/8 >$
 []


Underfull \hbox (badness 10000) in paragraph at lines 594--595
\T1/pcr/m/n/8 real (kind=kind[]_[]phys), dimension([]:), pointer gfs[]_[]typede
fs[]::gfs[]_[]coupling[]_[]type[]::nlwsfc[]_[]cpl =$\OML/cmm/m/it/8 >$
 []


Underfull \hbox (badness 10000) in paragraph at lines 608--609
\T1/pcr/m/n/8 real (kind=kind[]_[]phys), dimension([]:), pointer gfs[]_[]typede
fs[]::gfs[]_[]coupling[]_[]type[]::nswsfc[]_[]cpl =$\OML/cmm/m/it/8 >$
 []

[110]
Underfull \hbox (badness 10000) in paragraph at lines 622--623
\T1/pcr/m/n/8 real (kind=kind[]_[]phys), dimension([]:), pointer gfs[]_[]typede
fs[]::gfs[]_[]coupling[]_[]type[]::nnirbm[]_[]cpl =$\OML/cmm/m/it/8 >$
 []


Underfull \hbox (badness 10000) in paragraph at lines 636--637
\T1/pcr/m/n/8 real (kind=kind[]_[]phys), dimension([]:), pointer gfs[]_[]typede
fs[]::gfs[]_[]coupling[]_[]type[]::nnirdf[]_[]cpl =$\OML/cmm/m/it/8 >$
 []


Underfull \hbox (badness 10000) in paragraph at lines 650--651
\T1/pcr/m/n/8 real (kind=kind[]_[]phys), dimension([]:), pointer gfs[]_[]typede
fs[]::gfs[]_[]coupling[]_[]type[]::nvisbm[]_[]cpl =$\OML/cmm/m/it/8 >$
 []


Underfull \hbox (badness 10000) in paragraph at lines 664--665
\T1/pcr/m/n/8 real (kind=kind[]_[]phys), dimension([]:), pointer gfs[]_[]typede
fs[]::gfs[]_[]coupling[]_[]type[]::nvisdf[]_[]cpl =$\OML/cmm/m/it/8 >$
 []


Underfull \hbox (badness 10000) in paragraph at lines 678--679
\T1/pcr/m/n/8 real (kind=kind[]_[]phys), dimension ([]:), pointer gfs[]_[]typed
efs[]::gfs[]_[]coupling[]_[]type[]::dusfci[]_[]cpl =$\OML/cmm/m/it/8 >$
 []

[111]
Underfull \hbox (badness 10000) in paragraph at lines 692--693
\T1/pcr/m/n/8 real (kind=kind[]_[]phys), dimension ([]:), pointer gfs[]_[]typed
efs[]::gfs[]_[]coupling[]_[]type[]::dvsfci[]_[]cpl =$\OML/cmm/m/it/8 >$
 []


Underfull \hbox (badness 10000) in paragraph at lines 706--707
\T1/pcr/m/n/8 real (kind=kind[]_[]phys), dimension ([]:), pointer gfs[]_[]typed
efs[]::gfs[]_[]coupling[]_[]type[]::dtsfci[]_[]cpl =$\OML/cmm/m/it/8 >$
 []


Underfull \hbox (badness 10000) in paragraph at lines 720--721
\T1/pcr/m/n/8 real (kind=kind[]_[]phys), dimension ([]:), pointer gfs[]_[]typed
efs[]::gfs[]_[]coupling[]_[]type[]::dqsfci[]_[]cpl =$\OML/cmm/m/it/8 >$
 []


Underfull \hbox (badness 10000) in paragraph at lines 734--735
\T1/pcr/m/n/8 real (kind=kind[]_[]phys), dimension([]:), pointer gfs[]_[]typede
fs[]::gfs[]_[]coupling[]_[]type[]::dlwsfci[]_[]cpl =$\OML/cmm/m/it/8 >$
 []


Underfull \hbox (badness 10000) in paragraph at lines 748--749
\T1/pcr/m/n/8 real (kind=kind[]_[]phys), dimension([]:), pointer gfs[]_[]typede
fs[]::gfs[]_[]coupling[]_[]type[]::dswsfci[]_[]cpl =$\OML/cmm/m/it/8 >$
 []

[112]
Underfull \hbox (badness 10000) in paragraph at lines 762--763
\T1/pcr/m/n/8 real (kind=kind[]_[]phys), dimension([]:), pointer gfs[]_[]typede
fs[]::gfs[]_[]coupling[]_[]type[]::dnirbmi[]_[]cpl =$\OML/cmm/m/it/8 >$
 []


Underfull \hbox (badness 10000) in paragraph at lines 776--777
\T1/pcr/m/n/8 real (kind=kind[]_[]phys), dimension([]:), pointer gfs[]_[]typede
fs[]::gfs[]_[]coupling[]_[]type[]::dnirdfi[]_[]cpl =$\OML/cmm/m/it/8 >$
 []


Underfull \hbox (badness 10000) in paragraph at lines 790--791
\T1/pcr/m/n/8 real (kind=kind[]_[]phys), dimension([]:), pointer gfs[]_[]typede
fs[]::gfs[]_[]coupling[]_[]type[]::dvisbmi[]_[]cpl =$\OML/cmm/m/it/8 >$
 []


Underfull \hbox (badness 10000) in paragraph at lines 804--805
\T1/pcr/m/n/8 real (kind=kind[]_[]phys), dimension([]:), pointer gfs[]_[]typede
fs[]::gfs[]_[]coupling[]_[]type[]::dvisdfi[]_[]cpl =$\OML/cmm/m/it/8 >$
 []


Underfull \hbox (badness 10000) in paragraph at lines 818--819
\T1/pcr/m/n/8 real (kind=kind[]_[]phys), dimension([]:), pointer gfs[]_[]typede
fs[]::gfs[]_[]coupling[]_[]type[]::nlwsfci[]_[]cpl =$\OML/cmm/m/it/8 >$
 []

[113]
Underfull \hbox (badness 10000) in paragraph at lines 832--833
\T1/pcr/m/n/8 real (kind=kind[]_[]phys), dimension([]:), pointer gfs[]_[]typede
fs[]::gfs[]_[]coupling[]_[]type[]::nswsfci[]_[]cpl =$\OML/cmm/m/it/8 >$
 []


Underfull \hbox (badness 10000) in paragraph at lines 846--847
\T1/pcr/m/n/8 real (kind=kind[]_[]phys), dimension([]:), pointer gfs[]_[]typede
fs[]::gfs[]_[]coupling[]_[]type[]::nnirbmi[]_[]cpl =$\OML/cmm/m/it/8 >$
 []


Underfull \hbox (badness 10000) in paragraph at lines 860--861
\T1/pcr/m/n/8 real (kind=kind[]_[]phys), dimension([]:), pointer gfs[]_[]typede
fs[]::gfs[]_[]coupling[]_[]type[]::nnirdfi[]_[]cpl =$\OML/cmm/m/it/8 >$
 []


Underfull \hbox (badness 10000) in paragraph at lines 874--875
\T1/pcr/m/n/8 real (kind=kind[]_[]phys), dimension([]:), pointer gfs[]_[]typede
fs[]::gfs[]_[]coupling[]_[]type[]::nvisbmi[]_[]cpl =$\OML/cmm/m/it/8 >$
 []


Underfull \hbox (badness 10000) in paragraph at lines 888--889
\T1/pcr/m/n/8 real (kind=kind[]_[]phys), dimension([]:), pointer gfs[]_[]typede
fs[]::gfs[]_[]coupling[]_[]type[]::nvisdfi[]_[]cpl =$\OML/cmm/m/it/8 >$
 []

[114]
Underfull \hbox (badness 10000) in paragraph at lines 902--903
\T1/pcr/m/n/8 real (kind=kind[]_[]phys), dimension ([]:), pointer gfs[]_[]typed
efs[]::gfs[]_[]coupling[]_[]type[]::t2mi[]_[]cpl =$\OML/cmm/m/it/8 >$
 []


Underfull \hbox (badness 10000) in paragraph at lines 916--917
\T1/pcr/m/n/8 real (kind=kind[]_[]phys), dimension ([]:), pointer gfs[]_[]typed
efs[]::gfs[]_[]coupling[]_[]type[]::q2mi[]_[]cpl =$\OML/cmm/m/it/8 >$
 []


Underfull \hbox (badness 10000) in paragraph at lines 930--931
\T1/pcr/m/n/8 real (kind=kind[]_[]phys), dimension ([]:), pointer gfs[]_[]typed
efs[]::gfs[]_[]coupling[]_[]type[]::u10mi[]_[]cpl =$\OML/cmm/m/it/8 >$
 []


Underfull \hbox (badness 10000) in paragraph at lines 944--945
\T1/pcr/m/n/8 real (kind=kind[]_[]phys), dimension ([]:), pointer gfs[]_[]typed
efs[]::gfs[]_[]coupling[]_[]type[]::v10mi[]_[]cpl =$\OML/cmm/m/it/8 >$
 []


Underfull \hbox (badness 10000) in paragraph at lines 958--959
\T1/pcr/m/n/8 real (kind=kind[]_[]phys), dimension ([]:), pointer gfs[]_[]typed
efs[]::gfs[]_[]coupling[]_[]type[]::tsfci[]_[]cpl =$\OML/cmm/m/it/8 >$
 []

[115]
Underfull \hbox (badness 10000) in paragraph at lines 972--973
\T1/pcr/m/n/8 real (kind=kind[]_[]phys), dimension ([]:), pointer gfs[]_[]typed
efs[]::gfs[]_[]coupling[]_[]type[]::psurfi[]_[]cpl =$\OML/cmm/m/it/8 >$
 []


Underfull \hbox (badness 10000) in paragraph at lines 986--987
\T1/pcr/m/n/8 real (kind=kind[]_[]phys), dimension ([]:), pointer gfs[]_[]typed
efs[]::gfs[]_[]coupling[]_[]type[]::oro[]_[]cpl =$\OML/cmm/m/it/8 >$
 []


Underfull \hbox (badness 10000) in paragraph at lines 1000--1001
\T1/pcr/m/n/8 real (kind=kind[]_[]phys), dimension ([]:), pointer gfs[]_[]typed
efs[]::gfs[]_[]coupling[]_[]type[]::slmsk[]_[]cpl =$\OML/cmm/m/it/8 >$
 []


Underfull \hbox (badness 10000) in paragraph at lines 1014--1015
\T1/pcr/m/n/8 real (kind=kind[]_[]phys), dimension ([]:,[]:), pointer gfs[]_[]t
ypedefs[]::gfs[]_[]coupling[]_[]type[]::shum[]_[]wts =$\OML/cmm/m/it/8 >$
 []


Underfull \hbox (badness 10000) in paragraph at lines 1024--1025
\T1/pcr/m/n/8 real (kind=kind[]_[]phys), dimension ([]:,[]:), pointer gfs[]_[]t
ypedefs[]::gfs[]_[]coupling[]_[]type[]::sppt[]_[]wts =$\OML/cmm/m/it/8 >$
 []

[116]
Underfull \hbox (badness 10000) in paragraph at lines 1034--1035
\T1/pcr/m/n/8 real (kind=kind[]_[]phys), dimension ([]:,[]:), pointer gfs[]_[]t
ypedefs[]::gfs[]_[]coupling[]_[]type[]::skebu[]_[]wts =$\OML/cmm/m/it/8 >$
 []


Underfull \hbox (badness 10000) in paragraph at lines 1044--1045
\T1/pcr/m/n/8 real (kind=kind[]_[]phys), dimension ([]:,[]:), pointer gfs[]_[]t
ypedefs[]::gfs[]_[]coupling[]_[]type[]::skebv[]_[]wts =$\OML/cmm/m/it/8 >$
 []


Underfull \hbox (badness 10000) in paragraph at lines 1054--1055
\T1/pcr/m/n/8 real (kind=kind[]_[]phys), dimension ([]:,[]:), pointer gfs[]_[]t
ypedefs[]::gfs[]_[]coupling[]_[]type[]::vcu[]_[]wts =$\OML/cmm/m/it/8 >$
 []


Underfull \hbox (badness 10000) in paragraph at lines 1064--1065
\T1/pcr/m/n/8 real (kind=kind[]_[]phys), dimension ([]:,[]:), pointer gfs[]_[]t
ypedefs[]::gfs[]_[]coupling[]_[]type[]::vcv[]_[]wts =$\OML/cmm/m/it/8 >$
 []


Underfull \hbox (badness 10000) in paragraph at lines 1074--1075
\T1/pcr/m/n/8 real (kind=kind[]_[]phys), dimension ([]:,[]:), pointer gfs[]_[]t
ypedefs[]::gfs[]_[]coupling[]_[]type[]::dqdti =$\OML/cmm/m/it/8 >$
 []


Underfull \hbox (badness 10000) in paragraph at lines 1088--1089
\T1/pcr/m/n/8 real (kind=kind[]_[]phys), dimension ([]:,[]:), pointer gfs[]_[]t
ypedefs[]::gfs[]_[]coupling[]_[]type[]::cnvqci =$\OML/cmm/m/it/8 >$
 []

[117]
Underfull \hbox (badness 10000) in paragraph at lines 1102--1103
\T1/pcr/m/n/8 real (kind=kind[]_[]phys), dimension ([]:,[]:), pointer gfs[]_[]t
ypedefs[]::gfs[]_[]coupling[]_[]type[]::upd[]_[]mfi =$\OML/cmm/m/it/8 >$
 []


Underfull \hbox (badness 10000) in paragraph at lines 1116--1117
\T1/pcr/m/n/8 real (kind=kind[]_[]phys), dimension ([]:,[]:), pointer gfs[]_[]t
ypedefs[]::gfs[]_[]coupling[]_[]type[]::dwn[]_[]mfi =$\OML/cmm/m/it/8 >$
 []


Underfull \hbox (badness 10000) in paragraph at lines 1130--1131
\T1/pcr/m/n/8 real (kind=kind[]_[]phys), dimension ([]:,[]:), pointer gfs[]_[]t
ypedefs[]::gfs[]_[]coupling[]_[]type[]::det[]_[]mfi =$\OML/cmm/m/it/8 >$
 []


Underfull \hbox (badness 10000) in paragraph at lines 1144--1145
\T1/pcr/m/n/8 real (kind=kind[]_[]phys), dimension ([]:,[]:), pointer gfs[]_[]t
ypedefs[]::gfs[]_[]coupling[]_[]type[]::cldcovi =$\OML/cmm/m/it/8 >$
 []

) (./structgfs__typedefs_1_1gfs__diag__type.tex [118] [119] [120] [121]
[122] [123] [124] [125] [126] [127] [128] [129] [130] [131] [132] [133]
[134] [135] [136]) (./structgfs__typedefs_1_1gfs__grid__type.tex [137] [138]
[139] [140]) (./structgfs__typedefs_1_1gfs__init__type.tex [141] [142] [143]
[144] [145] [146]) (./structgfs__typedefs_1_1gfs__radtend__type.tex [147]
[148] [149] [150]
Underfull \hbox (badness 10000) in paragraph at lines 240--241
\T1/pcr/m/n/8 real (kind=kind[]_[]phys), dimension ([]:,[]:,[]:), pointer gfs[]
_[]typedefs[]::gfs[]_[]radtend[]_[]type[]::lwhd =$\OML/cmm/m/it/8 >$
 []

) (./structgfs__typedefs_1_1gfs__sfcprop__type.tex [151] [152] [153] [154]
[155]
Underfull \hbox (badness 10000) in paragraph at lines 258--259
\T1/pcr/m/n/8 real (kind=kind[]_[]phys), dimension ([]:,[]:), pointer gfs[]_[]t
ypedefs[]::gfs[]_[]sfcprop[]_[]type[]::hprime =$\OML/cmm/m/it/8 >$
 []

[156] [157] [158] [159] [160] [161] [162] [163] [164] [165])
(./structgfs__typedefs_1_1gfs__statein__type.tex [166] [167] [168]
Underfull \hbox (badness 10000) in paragraph at lines 224--225
\T1/pcr/m/n/8 real (kind=kind[]_[]phys), dimension ([]:,[]:,[]:), pointer gfs[]
_[]typedefs[]::gfs[]_[]statein[]_[]type[]::qgrs =$\OML/cmm/m/it/8 >$
 []

) (./structgfs__typedefs_1_1gfs__stateout__type.tex [169] [170]
Underfull \hbox (badness 10000) in paragraph at lines 96--97
\T1/pcr/m/n/8 real (kind=kind[]_[]phys), dimension ([]:,[]:,[]:), pointer gfs[]
_[]typedefs[]::gfs[]_[]stateout[]_[]type[]::gq0 =$\OML/cmm/m/it/8 >$
 []

) (./structgfs__typedefs_1_1gfs__tbd__type.tex [171] [172] [173] [174] [175])
(./structipd__typedefs_1_1ipd__data__type.tex [176] [177])
(./structipd__typedefs_1_1ipd__diag__type.tex [178] [179] [180])
(./structipd__typedefs_1_1ipd__restart__type.tex [181] [182])
(./structipd__typedefs_1_1var__subtype.tex) [183] [184]
Chapter 12.
(./_g_f_s__abstraction__layer_8_f90.tex) (./_g_f_s__diagnostics_8_f90.tex)
(./_g_f_s__driver_8_f90.tex [185

]) (./_g_f_s__physics__driver_8_f90.tex
Underfull \hbox (badness 10000) in paragraph at lines 1--1
[]\T1/phv/bc/n/14.4 /[]Users/vkunkel/[]I[]P[]D/[]I[]P[]D[]_[][]Doxygen/[]G[]F[]
S[]_[]layer/[]G[]F[]S[]_[]physics[]_[]driver.F90 File Ref-er-
 []

) (./_g_f_s__radiation__driver_8_f90.tex
Underfull \hbox (badness 5274) in paragraph at lines 1--1
[]\T1/phv/bc/n/14.4 /[]Users/vkunkel/[]I[]P[]D/[]I[]P[]D[]_[][]Doxygen/[]G[]F[]
S[]_[]layer/[]G[]F[]S[]_[]radiation[]_[]driver.F90 File Ref-er-
 []

[186]) (./_g_f_s__restart_8_f90.tex [187]
Underfull \hbox (badness 1231) in paragraph at lines 11--12
[]\T1/phv/m/n/10 subroutine, pub-lic  \T1/phv/b/n/10 physics[]_[]restart[]_[]la
yer[]::restart[]_[]populate \T1/phv/m/n/10 (I[]P[]D[]_[][]Restart, Model, State
in, Sta-te-out,
 []

) (./_g_f_s__typedefs_8_f90.tex [188]) (./intro_8txt.tex) (./log_8txt.tex)
(./obtain__code_8txt.tex) (./scm_8txt.tex) (./_i_p_d__driver_8_f90.tex)
(./_i_p_d__typedefs_8_f90.tex) [189] [190

]
No file refman.bbl.
No file refman.ind.

Package longtable Warning: Table widths have changed. Rerun LaTeX.

(./refman.aux (./group__module__radiation__driver.aux))

LaTeX Warning: There were undefined references.


LaTeX Warning: Label(s) may have changed. Rerun to get cross-references right.

 ) 
Here is how much of TeX's memory you used:
 14138 strings out of 493633
 271731 string characters out of 3143378
 364668 words of memory out of 3000000
 16941 multiletter control sequences out of 15000+200000
 69068 words of font info for 96 fonts, out of 3000000 for 9000
 831 hyphenation exceptions out of 8191
 56i,16n,55p,12108b,660s stack positions out of 5000i,500n,10000p,200000b,50000s
{/usr/local/texlive/2011/texmf-dist/fonts/enc/dvips/base/8r.enc}</usr/local/t
exlive/2011/texmf-dist/fonts/type1/public/amsfonts/cm/cmmi10.pfb></usr/local/te
xlive/2011/texmf-dist/fonts/type1/public/amsfonts/cm/cmmi7.pfb></usr/local/texl
ive/2011/texmf-dist/fonts/type1/public/amsfonts/cm/cmmi8.pfb></usr/local/texliv
e/2011/texmf-dist/fonts/type1/public/amsfonts/cm/cmmi9.pfb></usr/local/texlive/
2011/texmf-dist/fonts/type1/public/amsfonts/cm/cmr10.pfb></usr/local/texlive/20
11/texmf-dist/fonts/type1/public/amsfonts/cm/cmr7.pfb></usr/local/texlive/2011/
texmf-dist/fonts/type1/public/amsfonts/cm/cmsy10.pfb></usr/local/texlive/2011/t
exmf-dist/fonts/type1/public/amsfonts/cm/cmsy7.pfb></usr/local/texlive/2011/tex
mf-dist/fonts/type1/public/amsfonts/cm/cmsy8.pfb></usr/local/texlive/2011/texmf
-dist/fonts/type1/public/amsfonts/cm/cmsy9.pfb></usr/local/texlive/2011/texmf-d
ist/fonts/type1/urw/courier/ucrb8a.pfb></usr/local/texlive/2011/texmf-dist/font
s/type1/urw/courier/ucrr8a.pfb></usr/local/texlive/2011/texmf-dist/fonts/type1/
urw/courier/ucrro8a.pfb></usr/local/texlive/2011/texmf-dist/fonts/type1/urw/hel
vetic/uhvb8a.pfb></usr/local/texlive/2011/texmf-dist/fonts/type1/urw/helvetic/u
hvb8ac.pfb></usr/local/texlive/2011/texmf-dist/fonts/type1/urw/helvetic/uhvr8a.
pfb></usr/local/texlive/2011/texmf-dist/fonts/type1/urw/helvetic/uhvro8a.pfb>
Output written on refman.pdf (194 pages, 369955 bytes).
PDF statistics:
 702 PDF objects out of 1000 (max. 8388607)
 484 compressed objects within 5 object streams
 0 named destinations out of 1000 (max. 500000)
 13 words of extra memory for PDF output out of 10000 (max. 10000000)

