# DO NOT DELETE THIS LINE - used by make depend
cfgini.o: kinds.mod tokenize.mod
funcphys.o: kinds.mod physcons.mod
fuzzy.o: cfgini.mod kinds.mod
physcons.o: kinds.mod
waf_calc.o: kinds.mod
waf_cat.o: kinds.mod waf_calc.mod waf_filter.mod waf_glob.mod waf_phys.mod
waf_cb.o: fuzzy.mod kinds.mod physcons.mod waf_filter.mod waf_glob.mod
waf_cb.o: waf_phys.mod
waf_config.o: cfgini.mod fuzzy.mod kinds.mod physcons.mod tokenize.mod
waf_config.o: waf_glob.mod
waf_filter.o: kinds.mod
waf_glob.o: fuzzy.mod kinds.mod physcons.mod
waf_icng.o: funcphys.mod fuzzy.mod kinds.mod physcons.mod waf_filter.mod
waf_icng.o: waf_glob.mod
waf_main.o: funcphys.mod fuzzy.mod getoptions.mod kinds.mod physcons.mod
waf_main.o: waf_cat.mod waf_cb.mod waf_config.mod waf_glob.mod waf_icng.mod
waf_main.o: waf_phys.mod waf_tcld.mod
waf_main.o: waf_grib2.mod waf_grib1.mod
waf_grib1.o: kinds.mod waf_glob.mod getoptions.mod waf_phys.mod waf_gfip.o
waf_grib2.o: kinds.mod waf_glob.mod getoptions.mod waf_phys.mod
waf_phys.o: funcphys.mod kinds.mod physcons.mod
waf_tcld.o: funcphys.mod fuzzy.mod kinds.mod physcons.mod waf_calc.mod
waf_tcld.o: waf_filter.mod waf_glob.mod waf_phys.mod
cfgini.mod: cfgini.o
funcphys.mod: funcphys.o
fuzzy.mod: fuzzy.o
getoptions.mod: getoptions.o
kinds.mod: kinds.o
physcons.mod: physcons.o
tokenize.mod: tokenize.o
waf_calc.mod: waf_calc.o
waf_cat.mod: waf_cat.o
waf_cb.mod: waf_cb.o
waf_config.mod: waf_config.o
waf_filter.mod: waf_filter.o
waf_glob.mod: waf_glob.o
waf_icng.mod: waf_icng.o
waf_main.mod: waf_main.o
waf_grib2.mod: waf_grib2.o
waf_grib1.mod: waf_grib1.o
waf_phys.mod: waf_phys.o
waf_tcld.mod: waf_tcld.o
